118
86 5
55 10
47 75
73 0
60 6
0 15
7 21
40 36
34 41
68 43
54 51
89 57
32 64
27 70
6 78
89 81
63 90
64 97
80 1
27 6
46 10
13 12
91 16
42 18
13 22
57 23
23 25
38 26
78 27
20 28
71 30
62 33
97 36
45 38
37 43
3 44
91 44
94 46
19 47
83 50
21 52
12 53
72 54
80 56
18 60
75 61
9 63
69 65
37 69
17 72
28 76
68 80
55 84
66 85
16 87
42 87
8 88
16 93
70 93
48 96
81 97
26 0
96 0
1 3
77 5
33 8
73 11
49 12
21 13
97 14
32 15
85 17
92 19
64 20
11 23
52 24
96 25
84 27
48 29
0 30
9 31
16 33
30 34
79 34
53 35
65 35
22 37
77 42
97 45
40 48
0 49
29 51
26 56
47 58
35 59
52 62
90 62
58 63
2 65
18 66
81 66
49 67
74 68
6 71
31 72
92 73
39 76
95 78
20 79
74 82
35 83
23 88
93 88
56 89
30 90
7 93
0 96
93 97
