110
32 8
4 88
36 39
39 99
58 1
22 2
28 6
76 9
70 23
82 25
57 26
43 31
20 32
5 37
26 38
35 51
95 54
60 63
72 63
35 77
12 84
84 90
7 97
17 97
49 2
6 4
60 5
53 8
45 9
87 9
3 14
26 20
13 23
88 24
49 28
71 29
78 33
32 41
54 41
96 41
69 42
80 46
19 51
35 56
86 58
16 60
22 62
81 66
53 67
40 70
97 73
17 76
4 78
38 78
33 81
46 85
53 86
30 89
61 89
72 95
10 0
78 0
88 0
66 2
92 3
19 4
58 9
11 10
46 13
33 14
15 15
78 15
59 16
1 18
94 20
72 21
12 28
7 33
30 33
76 35
84 37
57 40
9 42
49 42
39 43
62 44
94 45
0 47
70 47
9 49
58 51
0 53
4 53
52 53
70 54
2 60
42 62
92 64
19 67
30 68
60 68
84 69
24 73
9 74
66 75
93 85
48 90
24 91
61 93
44 95
