114
11 12
82 31
9 36
90 63
13 0
22 8
26 19
2 20
92 30
4 31
85 40
34 43
76 45
13 55
20 56
49 63
15 65
84 69
2 81
41 81
90 95
49 0
5 2
72 8
46 12
82 13
88 19
60 23
23 26
61 28
74 29
52 34
32 35
55 42
70 42
90 47
3 50
63 52
37 55
5 56
73 60
9 62
56 64
46 66
3 74
80 74
66 75
9 78
80 82
91 82
65 84
51 85
74 88
7 89
1 90
50 92
28 94
35 97
81 97
20 0
36 0
76 0
87 0
0 1
57 1
27 3
51 6
58 8
30 9
58 14
74 15
37 19
0 23
49 24
80 24
31 27
52 29
81 32
17 34
57 34
44 35
74 39
4 41
20 42
61 42
53 44
68 49
75 49
92 54
25 55
66 55
80 56
0 58
35 61
77 61
21 62
1 66
97 71
56 73
26 74
73 75
97 77
44 78
14 79
21 85
27 85
40 85
81 86
89 86
13 87
53 91
71 94
13 96
62 97
