108
26 35
9 45
1 66
32 79
41 79
55 5
47 18
27 25
10 28
31 31
32 40
52 47
96 56
21 61
39 61
19 68
36 81
2 84
48 87
63 89
69 91
42 92
3 2
86 3
67 5
16 6
49 9
58 15
61 18
85 19
40 22
57 23
78 29
21 30
87 33
51 34
41 38
84 39
48 40
18 42
69 45
9 50
17 50
58 51
42 53
52 53
79 53
72 57
62 58
87 61
30 63
67 63
5 69
82 69
89 70
45 72
73 74
61 78
96 78
15 82
79 83
29 84
51 88
76 92
97 92
40 0
48 0
61 0
90 1
19 3
76 7
86 7
17 11
67 11
32 12
24 15
28 22
7 23
47 24
14 25
59 25
53 27
70 29
17 31
10 33
73 35
54 36
29 45
63 46
69 48
12 60
94 61
43 63
72 66
63 70
56 71
84 72
0 73
67 76
7 77
85 80
90 83
2 86
45 91
80 95
23 96
72 96
29 97
