196
5 5
12 5
19 5
26 5
33 5
40 5
47 5
54 5
61 5
68 5
75 5
82 5
89 5
96 5
5 12
12 12
19 12
26 12
33 12
40 12
47 12
54 12
61 12
68 12
75 12
82 12
89 12
96 12
5 19
12 19
19 19
26 19
33 19
40 19
47 19
54 19
61 19
68 19
75 19
82 19
89 19
96 19
5 26
12 26
19 26
26 26
33 26
40 26
47 26
54 26
61 26
68 26
75 26
82 26
89 26
96 26
5 33
12 33
19 33
26 33
33 33
40 33
47 33
54 33
61 33
68 33
75 33
82 33
89 33
96 33
5 40
12 40
19 40
26 40
33 40
40 40
47 40
54 40
61 40
68 40
75 40
82 40
89 40
96 40
5 47
12 47
19 47
26 47
33 47
40 47
47 47
54 47
61 47
68 47
75 47
82 47
89 47
96 47
5 54
12 54
19 54
26 54
33 54
40 54
47 54
54 54
61 54
68 54
75 54
82 54
89 54
96 54
5 61
12 61
19 61
26 61
33 61
40 61
47 61
54 61
61 61
68 61
75 61
82 61
89 61
96 61
5 68
12 68
19 68
26 68
33 68
40 68
47 68
54 68
61 68
68 68
75 68
82 68
89 68
96 68
5 75
12 75
19 75
26 75
33 75
40 75
47 75
54 75
61 75
68 75
75 75
82 75
89 75
96 75
5 82
12 82
19 82
26 82
33 82
40 82
47 82
54 82
61 82
68 82
75 82
82 82
89 82
96 82
5 89
12 89
19 89
26 89
33 89
40 89
47 89
54 89
61 89
68 89
75 89
82 89
89 89
96 89
5 96
12 96
19 96
26 96
33 96
40 96
47 96
54 96
61 96
68 96
75 96
82 96
89 96
96 96
