116
45 26
28 64
93 94
53 6
27 94
87 11
30 13
97 13
36 18
25 24
35 45
48 50
15 51
31 53
50 90
58 91
16 95
51 0
58 1
32 4
22 9
23 14
79 14
46 16
12 19
52 20
70 22
49 28
62 30
23 32
96 36
0 42
70 42
76 43
17 46
25 52
44 56
70 57
87 57
94 59
32 60
2 63
95 64
47 69
91 69
21 74
75 74
30 75
59 77
0 81
38 81
58 84
26 86
15 87
79 87
42 90
73 92
66 94
52 96
10 0
20 0
36 0
69 0
93 2
67 4
73 4
81 4
45 6
0 7
4 10
36 10
41 17
81 17
31 21
95 21
4 22
56 23
76 23
86 27
93 29
64 30
44 36
60 36
38 37
21 40
96 40
61 43
84 44
40 45
4 46
89 47
0 50
63 51
9 57
75 57
16 61
31 66
25 70
50 70
12 71
84 75
7 78
21 78
95 78
66 79
8 86
65 87
0 88
85 89
32 90
78 91
1 94
9 95
26 96
38 96
87 96
