113
48 15
79 56
47 74
65 0
69 13
6 14
74 28
60 37
9 39
87 39
47 41
18 45
74 48
0 49
96 56
3 57
17 57
48 64
25 67
23 73
14 74
36 86
46 93
33 95
70 2
10 4
42 5
58 6
81 9
31 12
21 14
45 19
37 22
9 25
61 27
68 27
86 27
49 34
15 37
29 39
69 39
4 42
86 47
86 55
38 56
51 57
64 63
12 65
35 66
86 66
77 67
69 70
86 73
35 75
8 80
43 81
18 83
58 83
68 83
96 84
7 86
26 91
84 95
24 96
40 97
0 0
77 0
83 3
33 5
65 7
89 11
11 12
95 12
40 13
79 14
67 16
24 18
14 19
74 19
87 19
97 22
41 23
3 29
81 29
89 30
19 32
76 32
40 35
35 39
78 41
53 43
25 44
47 48
65 48
25 53
59 53
88 54
42 55
28 62
90 63
8 66
97 70
41 71
79 73
65 74
2 76
81 79
87 83
63 84
39 87
3 89
87 95
63 96
