105
60 7
77 45
66 69
72 75
26 2
7 3
56 22
96 27
21 31
41 40
26 42
75 52
10 54
33 59
46 62
81 64
40 78
44 81
54 83
34 90
58 90
95 96
51 0
74 2
3 6
26 6
68 6
16 8
64 10
9 13
56 13
35 16
63 16
86 18
72 19
63 23
31 26
50 26
79 27
10 30
89 30
96 34
64 37
33 40
56 42
92 46
66 55
78 68
61 69
12 70
26 71
75 75
4 76
50 76
62 78
24 83
14 88
49 90
83 94
29 96
52 96
59 96
17 97
31 2
96 6
89 11
77 14
66 20
22 24
50 28
69 30
1 33
80 35
87 35
9 38
75 39
97 39
27 43
40 43
67 44
48 47
60 47
1 49
85 51
49 53
91 56
38 57
61 57
82 59
71 61
92 63
17 69
40 69
21 74
86 74
29 75
75 77
97 79
69 80
82 81
6 83
94 85
68 86
25 87
3 93
