116
49 70
47 62
26 69
33 87
45 0
53 14
79 27
51 37
49 43
16 46
70 50
90 57
25 61
64 66
31 67
9 72
59 81
10 0
36 0
58 2
90 2
47 7
75 8
70 9
37 11
88 13
64 18
13 23
29 23
56 27
24 28
74 29
31 31
65 33
78 37
85 37
97 39
19 40
91 41
27 45
1 52
11 54
58 54
6 57
54 57
92 68
66 71
4 74
41 76
16 77
32 77
26 82
37 83
83 84
55 89
63 89
12 92
91 92
5 93
17 93
26 97
77 97
0 1
5 4
27 5
18 6
81 7
11 8
6 11
93 11
47 13
3 16
39 18
47 20
79 20
73 21
97 21
34 23
62 23
40 24
90 24
84 26
12 27
1 28
56 31
22 32
2 36
40 37
80 39
32 40
72 41
20 45
7 46
97 46
30 47
79 48
37 51
42 54
30 55
14 59
51 61
2 62
96 63
43 67
85 67
27 69
21 71
79 74
2 79
65 81
19 82
42 82
82 87
74 90
0 94
28 94
