118
28 94
80 0
26 1
48 12
65 18
30 19
92 22
78 24
72 35
43 37
63 40
27 44
24 56
47 57
23 62
83 63
6 66
42 66
24 77
59 84
9 2
42 2
23 7
58 7
76 10
51 17
84 17
17 19
70 20
3 26
54 30
22 34
68 40
95 44
16 45
48 45
97 47
76 49
29 50
66 52
16 53
95 55
8 56
75 65
65 67
74 70
5 71
84 71
42 74
49 77
97 77
79 78
17 79
90 80
3 83
33 83
84 85
17 91
47 93
72 93
6 97
29 0
84 0
50 2
0 3
14 6
93 7
39 9
63 10
5 14
11 15
36 17
59 20
6 21
38 23
96 24
74 25
90 26
12 27
31 27
61 29
78 30
36 32
51 33
97 33
10 37
20 42
51 45
84 46
29 51
52 52
70 53
80 54
0 57
62 57
88 58
9 59
54 61
29 66
57 66
78 66
92 66
6 74
34 74
56 77
43 80
75 81
67 84
22 87
33 87
7 89
81 90
0 91
39 92
17 93
92 94
84 96
28 97
