105
3 3
16 28
62 33
35 21
20 55
63 71
41 72
79 74
12 90
69 10
16 18
50 19
27 34
43 34
71 39
33 42
94 46
83 48
51 61
61 80
74 81
47 85
75 87
49 88
52 95
34 96
59 12
39 15
59 24
32 26
84 27
66 31
15 33
45 39
76 43
29 47
47 47
77 50
87 50
95 50
8 56
83 57
35 58
88 62
61 63
76 65
30 81
17 84
64 85
38 86
41 92
94 93
26 94
85 97
0 0
30 7
42 8
78 9
84 10
56 15
73 16
36 17
84 18
17 23
46 23
96 24
59 25
69 25
77 31
94 32
19 33
58 34
10 35
27 36
60 40
9 41
65 44
14 46
20 46
6 48
35 48
41 48
66 50
29 51
42 54
94 57
75 58
13 59
81 62
96 66
32 67
5 68
51 68
79 68
86 72
19 73
56 81
94 81
5 84
79 84
69 88
17 90
61 95
76 96
50 97
