113
63 20
19 30
23 50
84 74
63 4
82 7
41 11
50 22
96 29
38 32
51 37
7 51
45 54
4 57
15 57
95 60
13 67
35 67
29 76
86 88
42 91
16 96
69 0
77 0
86 3
92 3
24 5
6 8
72 12
91 12
22 16
39 19
78 23
27 25
61 26
3 30
14 34
80 37
22 40
62 43
49 45
91 47
14 49
84 54
64 56
84 62
60 67
10 70
66 71
7 75
15 76
49 77
72 77
22 81
8 87
5 92
47 93
64 96
74 96
28 97
0 1
35 2
97 3
26 5
44 7
65 9
11 10
30 10
59 10
51 11
68 15
80 15
54 16
14 18
20 21
10 23
48 26
72 28
26 30
94 33
83 39
11 40
93 43
0 49
19 53
27 57
69 57
97 57
53 58
47 60
88 61
0 62
27 63
39 63
74 63
93 64
21 72
41 72
0 75
64 76
80 77
13 80
41 80
90 81
63 83
11 86
50 88
22 89
60 89
91 93
38 94
55 94
18 97
