109
2 71
29 89
97 2
61 77
1 93
43 8
32 9
82 13
92 17
5 22
80 23
94 25
53 37
23 42
92 47
61 50
17 62
85 65
79 93
15 94
58 94
0 0
59 2
20 4
11 5
55 6
41 10
55 14
65 18
27 20
35 21
43 22
49 24
73 24
55 25
32 30
91 30
35 34
79 34
55 41
19 45
79 47
14 49
37 49
49 52
83 58
60 64
1 66
93 68
56 70
72 70
49 73
28 82
39 83
92 84
51 85
49 89
65 89
81 89
95 89
25 93
5 95
84 95
46 0
5 1
62 3
86 3
20 9
59 9
70 10
94 10
44 11
4 13
10 17
28 23
97 23
0 25
4 33
62 33
97 35
17 37
0 38
47 40
26 47
13 50
68 51
32 55
39 55
14 56
90 57
77 59
46 60
68 60
11 62
97 68
10 70
51 70
16 71
62 71
30 75
97 76
72 86
55 87
33 90
66 96
0 97
11 97
26 97
97 97
