117
12 8
71 29
16 82
66 1
2 10
95 10
75 20
21 26
56 31
80 49
53 54
36 63
68 64
42 72
86 74
87 87
95 92
17 3
44 3
72 4
76 11
90 12
9 21
62 22
84 26
67 30
30 37
78 37
43 40
67 40
87 40
56 41
9 43
36 45
96 48
12 49
62 51
82 53
97 53
42 55
2 58
27 59
76 60
53 62
89 64
19 65
8 67
3 69
99 70
17 72
65 73
26 74
62 77
78 81
66 82
19 91
33 91
81 91
26 97
23 0
35 0
78 0
48 4
82 5
53 7
33 9
63 9
46 11
11 12
0 13
93 13
65 15
24 17
31 17
41 17
47 17
2 18
89 18
24 25
12 28
86 28
92 33
19 34
3 37
0 41
65 43
17 44
44 45
55 45
0 47
19 50
55 54
12 55
33 56
88 56
4 57
19 58
95 59
54 66
0 71
94 75
31 76
38 77
4 79
58 79
86 81
8 85
47 85
59 85
96 85
38 88
67 90
56 91
97 91
0 95
45 96
74 96
