111
52 31
62 31
96 78
93 92
97 1
92 3
50 9
26 10
67 10
95 10
80 12
96 16
66 25
95 25
7 46
76 46
23 51
49 51
32 74
85 74
43 77
4 85
13 86
75 94
64 1
12 2
25 3
40 9
28 14
89 14
33 21
33 26
77 27
95 32
75 36
19 42
49 42
86 45
81 49
71 52
3 55
81 55
23 58
61 61
74 61
0 65
43 65
79 65
34 67
54 67
69 68
89 69
57 71
5 76
63 79
49 80
92 82
22 87
16 96
58 97
95 97
43 1
55 4
86 6
33 7
18 10
5 11
68 11
55 14
4 17
87 18
49 19
85 24
17 25
25 25
96 25
65 32
0 33
20 33
40 34
55 35
91 36
22 40
38 40
29 42
53 42
36 46
59 46
7 49
17 51
86 52
35 54
8 56
27 58
48 62
14 63
41 67
17 69
68 71
27 77
20 78
75 80
49 81
39 82
97 82
6 86
41 88
27 89
0 95
82 96
88 96
