108
49 94
56 27
15 79
10 94
47 2
53 20
44 24
78 42
55 43
40 46
60 48
66 55
51 60
3 63
16 69
62 80
27 85
34 89
47 92
26 98
0 0
61 0
27 1
91 2
32 6
2 7
54 7
76 8
10 10
59 10
64 12
26 15
0 17
36 18
91 20
73 22
0 25
64 25
87 26
85 34
25 36
41 37
65 37
96 37
17 38
35 38
87 42
48 45
3 52
21 52
35 55
40 59
24 61
80 61
37 69
82 72
94 72
34 76
37 79
82 79
86 86
60 87
4 88
17 91
68 94
54 0
81 0
96 2
37 4
67 4
80 4
16 7
56 12
41 13
28 14
14 17
57 18
46 19
9 20
24 20
95 21
34 23
21 25
41 28
0 32
7 32
71 35
57 37
11 39
5 43
10 48
22 48
93 51
85 55
92 60
30 62
83 64
41 72
0 75
17 76
28 79
52 80
70 80
36 86
22 90
0 91
70 97
79 97
