117
17 32
60 27
51 55
39 1
73 7
95 13
13 23
69 32
46 33
24 36
88 37
40 53
85 64
50 67
39 74
31 79
39 89
80 96
14 6
36 9
57 10
1 12
10 15
71 15
64 18
93 20
1 24
37 24
91 30
97 30
33 32
7 37
96 39
27 43
16 47
21 53
65 53
19 56
95 56
59 59
38 62
90 64
30 66
15 69
74 73
2 75
44 77
85 77
93 78
66 80
36 81
24 86
79 88
62 89
53 90
32 94
97 94
89 96
10 97
0 0
50 0
56 0
85 0
97 2
27 3
64 7
83 7
24 12
33 13
40 13
55 18
20 20
27 21
74 22
66 24
48 25
0 29
96 31
75 33
42 37
50 38
78 38
45 42
91 45
31 49
51 50
82 50
43 51
74 51
6 53
26 56
32 56
11 57
18 58
4 60
45 61
76 61
96 61
32 64
4 66
83 68
10 71
25 71
56 71
19 76
52 77
9 78
4 85
17 87
67 88
84 89
0 90
59 91
40 92
23 95
1 96
34 97
