109
10 10
3 3
15 15
2 16
59 59
42 61
84 85
78 88
42 2
91 5
92 19
46 32
27 36
77 66
18 70
89 70
27 71
94 76
31 83
11 88
58 3
5 5
72 8
15 9
32 11
84 12
52 14
16 19
84 20
2 21
38 21
20 24
14 32
72 32
51 34
76 35
39 38
19 41
57 41
45 42
91 42
65 48
17 52
33 53
78 54
67 55
96 55
21 58
97 64
44 74
6 75
76 76
20 81
53 85
93 88
17 89
71 90
10 97
27 97
35 97
18 0
24 0
64 0
97 3
0 8
63 9
74 9
46 11
61 15
24 19
59 21
64 25
39 26
56 28
0 29
33 32
68 35
27 37
11 38
83 42
4 43
32 43
14 44
69 48
0 49
7 52
76 56
32 57
3 58
20 60
56 60
8 61
80 62
97 67
73 68
83 74
10 76
49 76
70 76
1 81
69 82
94 84
1 87
79 89
72 93
80 95
21 96
49 96
62 96
