110
71 7
80 20
96 41
53 53
4 65
5 4
24 7
2 11
56 19
8 24
48 27
6 31
35 37
82 57
61 59
74 65
24 76
63 84
88 84
13 93
38 93
93 0
81 2
12 4
59 4
67 4
42 7
86 7
94 10
37 12
73 15
90 22
18 23
65 28
77 29
72 30
55 35
47 37
36 39
7 41
67 42
12 44
18 44
30 44
38 44
0 45
90 45
32 52
41 65
81 66
60 67
3 70
87 73
40 74
64 74
96 76
31 78
2 83
75 86
24 89
30 96
37 97
22 0
35 0
30 2
59 6
44 7
77 9
84 10
64 12
2 16
45 18
64 18
84 18
39 20
91 29
0 32
12 32
76 38
89 38
48 47
68 50
0 51
15 51
54 53
21 54
7 55
27 56
92 56
16 58
21 61
66 61
93 62
6 63
30 64
51 66
21 69
79 71
47 73
70 75
59 76
91 78
3 79
8 82
32 85
2 88
78 90
17 95
96 95
2 96
