115
97 13
37 18
24 30
62 83
30 10
85 15
57 20
37 28
95 39
71 40
80 42
63 44
31 46
5 59
66 63
71 64
66 75
93 82
33 90
82 92
31 1
74 1
54 3
15 5
25 5
7 15
18 20
72 21
3 22
64 24
8 25
88 25
0 29
95 30
65 33
21 39
52 44
21 47
93 48
26 50
85 54
92 55
39 57
19 60
28 61
33 62
83 64
89 64
4 65
38 67
56 71
14 72
28 72
5 77
40 80
73 85
6 90
12 91
29 96
59 96
92 96
1 0
38 0
97 0
59 3
0 5
68 5
94 5
38 7
51 11
66 11
25 12
76 12
89 12
45 17
97 18
68 24
79 26
13 30
50 30
56 32
39 33
75 33
86 33
4 34
23 37
33 38
89 38
47 39
42 45
81 45
11 47
35 49
11 54
75 54
59 55
69 57
94 58
44 61
96 66
69 71
90 71
97 75
58 77
17 79
35 81
0 83
46 83
86 83
26 84
97 87
90 90
0 92
95 95
8 97
