112
27 51
21 10
71 14
36 19
49 22
4 29
19 35
98 38
85 40
32 41
39 43
51 44
3 47
6 53
25 64
63 66
53 69
28 70
75 78
24 82
83 82
72 90
28 91
85 91
37 95
78 95
93 95
70 96
58 6
63 9
86 11
55 13
6 19
25 19
47 36
71 36
81 42
67 43
19 44
37 48
52 50
14 52
47 52
36 57
88 59
11 61
53 61
72 61
61 69
93 72
33 77
42 77
55 82
11 89
59 91
25 0
47 0
0 1
67 1
13 5
31 5
46 5
0 9
36 9
22 10
76 12
46 13
64 15
73 19
31 20
7 21
82 22
18 26
24 26
69 26
51 27
8 29
58 32
2 34
7 38
24 38
22 44
30 45
68 45
60 46
23 52
74 52
89 52
60 53
17 57
77 58
42 59
91 60
0 62
77 65
34 66
7 73
86 73
14 74
60 74
29 79
59 81
77 81
2 82
34 85
64 85
77 88
0 89
93 89
49 91
55 94
4 96
