109
5 3
96 40
55 47
12 52
51 52
57 92
73 7
55 25
48 37
24 41
41 49
96 64
58 66
31 69
94 71
91 78
60 83
76 83
98 84
79 0
34 2
17 5
89 7
26 10
40 12
56 16
83 17
32 19
14 20
47 25
66 26
94 26
14 27
85 27
71 31
80 32
59 38
81 38
31 42
3 51
22 51
34 52
17 57
55 59
87 60
10 61
72 61
78 64
64 68
35 74
64 76
0 78
14 78
20 79
77 79
7 81
87 86
22 89
69 89
40 90
27 94
96 0
61 3
42 5
51 7
18 8
12 10
87 12
5 13
93 13
74 14
61 15
26 20
41 20
69 20
3 22
76 22
22 27
8 29
91 29
33 30
62 33
44 40
10 41
62 41
72 41
18 42
4 43
28 45
96 48
90 52
26 57
43 57
36 62
25 64
79 68
96 75
63 78
26 82
0 84
32 85
59 87
94 88
41 90
46 94
17 95
76 95
88 96
32 97
