115
63 22
91 9
7 30
4 46
47 56
23 65
19 77
85 10
45 34
91 44
46 48
84 52
67 62
27 66
56 67
62 68
90 70
30 75
67 83
15 86
3 92
94 0
34 3
21 4
47 4
54 6
68 6
38 12
97 13
13 15
68 16
75 19
67 21
83 23
61 24
34 25
55 28
22 29
34 31
24 38
33 39
65 41
78 42
52 44
18 45
25 45
31 48
19 57
46 61
31 63
73 70
57 77
37 81
28 92
87 95
34 96
5 0
78 0
88 1
61 3
3 6
25 6
15 10
74 10
30 11
85 11
49 13
88 18
10 22
38 24
70 26
84 26
24 29
13 31
53 34
73 34
79 34
91 36
8 41
92 44
70 45
6 49
59 49
96 49
13 50
37 51
67 53
74 53
10 55
25 56
9 61
93 61
85 62
0 66
43 67
10 69
20 70
49 70
44 74
4 75
93 75
20 79
74 80
94 82
0 83
79 83
8 85
62 85
37 87
50 87
69 88
97 91
13 92
67 94
53 97
