109
67 10
61 78
51 20
83 41
61 48
76 10
92 11
80 17
95 21
10 23
68 24
86 28
18 30
73 37
7 43
96 57
23 60
83 60
56 67
34 70
50 73
9 74
25 76
96 82
6 84
41 87
91 89
37 7
7 9
84 13
3 16
27 22
38 23
52 28
28 29
63 32
20 38
49 41
39 47
65 48
94 51
49 52
71 53
4 56
16 63
28 66
66 66
75 68
61 71
92 71
69 75
7 78
33 80
54 89
81 90
86 90
34 91
13 94
72 94
58 9
23 10
39 12
70 14
22 16
0 17
42 18
14 22
59 24
71 24
92 26
37 28
77 28
0 29
94 33
40 35
8 37
31 38
53 38
62 38
83 42
78 45
1 46
72 46
83 48
26 49
32 54
56 54
0 58
27 59
86 59
94 63
55 72
80 72
12 73
36 78
43 78
72 80
15 81
64 81
78 82
45 88
94 88
15 90
24 91
40 93
62 94
7 95
78 95
30 96
