114
22 12
88 2
49 32
59 92
13 10
52 10
57 16
71 20
11 28
15 35
1 45
83 59
64 76
51 81
52 89
3 91
27 91
67 94
89 95
15 1
80 2
96 3
63 4
6 5
30 14
14 18
43 20
47 25
29 27
94 27
7 30
23 33
63 33
1 37
85 40
76 44
37 48
83 48
22 49
4 51
89 54
41 60
30 63
94 64
60 65
33 68
44 68
8 73
93 73
72 75
27 77
67 77
57 81
77 82
9 85
93 85
77 88
37 90
31 94
47 95
73 96
24 97
44 0
17 2
30 2
55 5
83 5
76 7
8 12
48 13
64 13
88 17
19 18
27 18
54 20
0 21
72 22
58 26
41 31
65 34
11 37
45 37
56 37
7 42
94 42
44 44
71 45
10 47
97 48
28 49
47 50
91 51
5 52
53 52
16 57
60 57
53 59
88 61
1 64
21 64
55 68
47 73
1 74
31 75
96 75
66 80
0 85
60 85
84 87
40 89
18 92
93 93
8 95
58 97
