105
12 80
16 14
95 30
32 48
74 54
85 64
32 84
64 86
19 92
59 4
83 8
27 10
46 16
53 27
78 33
23 38
95 42
53 47
94 59
32 69
50 82
84 1
19 2
38 4
50 5
96 5
67 6
84 13
66 15
82 16
9 21
45 22
38 24
5 26
1 32
31 33
95 34
17 35
69 35
81 37
4 41
75 46
0 47
39 54
62 54
78 54
37 60
21 62
15 65
57 66
41 75
70 76
97 84
74 85
9 88
80 89
40 95
46 95
22 96
10 2
8 9
88 11
21 14
61 14
31 17
85 20
0 21
25 21
67 23
95 24
34 33
49 35
15 36
57 37
76 39
36 40
70 41
95 47
67 48
8 49
56 49
29 51
19 52
53 55
71 56
87 56
29 57
44 60
75 61
39 64
48 65
67 67
84 67
21 68
2 69
15 71
89 76
83 77
22 78
42 79
57 79
17 85
87 89
6 95
38 96
