112
55 4
17 16
50 20
75 25
84 39
69 4
6 5
52 13
61 28
25 35
43 35
4 39
68 41
56 63
79 72
96 83
47 88
33 91
76 2
97 4
0 6
10 8
69 8
95 9
89 11
40 13
35 14
83 19
29 21
95 21
17 22
54 22
38 24
56 38
12 40
75 40
4 45
80 45
56 50
91 51
79 52
86 54
72 55
94 58
31 62
77 63
61 65
11 67
18 67
92 68
23 71
39 73
89 79
27 81
2 83
83 83
21 84
57 89
77 91
18 93
35 95
96 96
16 0
48 0
12 3
23 3
47 4
57 6
17 10
62 11
75 14
67 16
61 17
6 18
22 23
67 24
47 25
89 25
1 27
7 28
94 29
30 32
68 32
47 36
20 38
34 42
91 42
0 48
6 50
26 50
65 50
43 51
2 56
18 58
39 62
50 63
83 67
69 68
31 71
13 74
25 74
92 78
37 82
52 82
84 85
4 86
3 92
10 94
53 96
70 96
0 97
26 97
