93
16 69
5 23
18 57
52 58
5 12
15 16
27 28
3 34
35 55
11 56
57 66
34 77
67 90
31 91
89 91
18 28
36 41
16 46
38 47
25 50
33 61
10 65
26 65
52 75
3 82
31 82
61 84
56 90
15 92
26 94
61 95
76 95
35 96
9 17
10 34
22 34
24 39
3 44
5 47
43 56
45 63
34 65
10 68
21 68
30 70
36 71
62 72
69 74
9 75
22 77
45 79
40 85
75 85
25 87
80 89
4 90
45 95
9 96
0 15
9 20
17 20
3 24
12 28
0 29
28 32
11 35
17 38
4 48
12 49
49 51
25 55
15 59
53 60
1 61
63 64
51 67
13 70
1 74
54 74
15 76
63 78
8 81
49 84
16 86
43 88
70 92
3 93
65 95
25 96
37 96
81 96
89 96
14 97
