110
70 3
72 79
21 7
85 7
71 31
43 71
55 73
40 2
73 20
28 29
63 29
15 30
95 42
52 49
31 56
69 56
62 72
15 91
37 95
68 96
63 6
1 9
13 10
81 13
23 14
30 16
45 17
96 19
55 22
7 23
2 28
56 32
72 35
84 38
52 39
1 42
97 49
86 53
58 57
73 59
2 60
44 61
35 62
7 66
67 66
82 69
12 74
78 74
93 78
56 79
87 79
49 82
37 84
8 86
49 90
65 90
23 94
60 97
23 0
55 0
35 5
44 5
50 7
17 8
60 8
9 11
65 11
39 12
20 15
0 19
11 19
30 20
46 22
72 25
82 25
90 26
36 33
44 33
62 34
8 37
39 39
32 40
25 43
45 44
68 45
78 47
15 48
79 54
11 55
63 58
91 60
54 64
1 65
47 65
60 65
60 73
32 75
0 76
14 78
58 81
86 83
77 84
0 86
8 88
73 90
86 90
13 94
41 96
3 97
29 97
