115
38 4
13 22
66 50
59 85
61 9
21 28
17 47
88 53
7 54
95 54
53 56
82 58
34 59
15 73
7 75
31 82
82 86
49 88
42 92
29 94
51 95
71 96
81 0
87 1
53 3
22 7
48 12
7 13
27 13
90 13
70 15
93 21
83 23
66 26
55 30
93 34
77 38
35 40
12 43
42 57
88 57
16 65
23 67
63 67
91 68
84 69
55 71
96 72
22 75
70 77
53 81
94 81
8 85
83 87
58 90
35 91
41 95
87 95
92 99
96 0
32 1
90 3
16 8
65 9
0 14
83 14
52 15
30 16
12 17
75 17
61 19
0 23
40 25
14 26
74 26
8 27
24 27
30 30
69 33
44 34
56 36
90 40
0 41
97 42
37 43
52 43
71 43
80 46
8 50
25 50
49 50
10 56
70 56
2 57
61 57
96 59
83 61
38 62
72 62
67 67
33 71
58 71
44 72
86 75
9 77
72 77
0 79
65 79
86 81
37 83
25 86
76 91
10 94
24 95
58 97
