100
4 2
12 6
9 16
28 23
36 38
64 69
67 1
17 2
79 4
43 7
18 8
17 14
24 19
50 23
16 24
24 38
8 40
12 48
46 48
15 53
49 60
53 66
12 68
14 78
36 84
83 87
73 92
6 93
22 97
27 6
57 8
76 14
38 17
2 18
25 24
17 30
42 31
29 34
55 34
31 43
56 43
90 45
26 47
66 48
56 53
61 57
24 60
10 61
26 67
69 67
88 69
73 77
81 78
13 83
29 84
86 87
34 90
93 93
26 95
8 97
97 97
18 0
5 1
47 5
64 5
8 7
0 8
48 12
17 15
72 17
43 18
58 18
85 19
31 26
4 28
95 28
41 36
94 36
17 43
82 48
97 49
70 54
36 55
68 69
10 70
17 70
42 73
22 75
93 79
1 82
74 84
27 85
40 87
16 88
97 88
81 89
62 91
47 92
31 95
0 97
