113
65 23
16 31
68 5
44 8
17 18
3 25
35 30
95 31
3 32
45 34
31 35
75 37
58 38
13 46
68 49
35 52
50 52
25 54
2 57
46 59
12 64
24 66
48 80
74 80
82 3
52 4
23 6
31 8
93 10
81 13
72 18
70 24
13 25
53 27
20 31
89 34
7 36
48 38
83 38
22 46
79 50
83 56
75 57
96 57
6 70
12 70
48 71
96 71
52 77
9 78
87 81
60 83
32 86
82 87
52 89
5 94
76 94
48 97
14 0
36 1
70 2
59 3
1 5
49 5
8 9
84 9
57 11
62 17
21 18
86 18
28 19
52 19
7 20
39 21
78 25
24 26
34 36
1 38
41 39
94 40
60 42
70 42
30 45
36 45
85 46
59 49
13 50
90 51
36 56
22 59
5 60
74 62
83 66
30 68
36 68
55 68
25 71
15 73
67 73
0 76
39 78
46 81
69 81
19 83
6 85
90 85
0 86
31 87
37 91
86 91
29 94
79 95
71 96
