104
0 2
8 2
28 2
38 2
48 2
58 2
68 2
88 2
0 10
8 10
28 10
38 10
48 10
58 10
68 10
88 10
0 18
8 18
28 18
38 18
48 18
58 18
68 18
88 18
0 26
8 26
28 26
38 26
48 26
58 26
68 26
88 26
0 34
8 34
28 34
38 34
48 34
58 34
68 34
88 34
0 42
8 42
28 42
38 42
48 42
58 42
68 42
88 42
0 50
8 50
28 50
38 50
48 50
58 50
68 50
88 50
0 58
8 58
28 58
38 58
48 58
58 58
68 58
88 58
0 66
8 66
28 66
38 66
48 66
58 66
68 66
88 66
0 74
8 74
28 74
38 74
48 74
58 74
68 74
88 74
0 82
8 82
28 82
38 82
48 82
58 82
68 82
88 82
0 90
8 90
28 90
38 90
48 90
58 90
68 90
88 90
0 94
8 94
28 94
38 94
48 94
58 94
68 94
88 94
