110
88 8
39 43
63 16
95 52
68 85
3 90
4 4
12 12
6 21
73 25
69 33
13 37
91 39
11 50
57 58
62 61
86 61
25 65
14 66
65 69
89 79
58 80
13 89
13 94
39 94
68 98
72 1
43 7
71 9
26 13
48 13
59 23
14 25
86 25
76 29
95 30
23 31
39 31
61 32
47 35
79 37
17 45
74 45
9 46
25 49
24 56
52 63
72 66
43 67
54 71
29 72
6 74
39 74
28 78
23 80
9 83
29 85
85 93
33 94
8 0
81 1
36 3
30 5
0 7
5 12
89 12
16 15
36 17
51 19
21 20
4 26
15 28
88 29
0 31
20 32
28 32
71 32
39 34
53 34
33 35
63 37
55 43
89 43
82 46
4 47
38 53
66 53
0 59
19 59
29 59
67 59
9 60
35 63
97 64
88 68
13 69
58 71
97 72
81 73
14 76
92 82
53 83
84 83
46 88
75 90
22 91
94 91
78 96
86 96
37 97
