108
10 13
21 13
7 54
69 68
16 73
21 4
72 7
52 32
77 38
82 38
95 48
77 60
48 62
56 72
51 76
2 77
57 79
72 79
97 84
73 86
10 90
96 93
91 4
41 5
9 6
69 9
90 19
75 20
36 21
86 26
2 27
62 29
17 34
34 35
97 35
91 43
15 44
24 44
32 44
38 45
59 47
74 50
19 51
94 55
59 57
8 58
17 59
97 61
87 63
73 67
35 69
43 70
11 73
81 76
24 79
32 80
66 80
78 83
18 86
86 90
35 91
17 93
74 93
64 96
4 97
15 0
26 0
42 0
74 0
95 0
0 3
51 4
45 5
86 10
45 11
66 14
94 14
8 16
0 18
41 19
26 21
97 22
49 23
34 26
5 32
11 37
5 41
47 42
0 53
65 54
50 56
31 58
15 60
51 64
24 65
78 68
72 70
30 71
89 71
0 78
11 79
42 83
53 83
66 83
3 84
23 89
79 91
50 94
