112
62 52
34 19
52 26
32 27
7 34
16 56
53 1
67 2
73 6
24 43
4 52
38 52
68 54
33 57
84 57
22 61
37 70
61 88
22 91
52 93
1 95
80 0
34 6
19 12
70 13
78 14
62 20
5 23
97 23
37 25
85 25
94 30
28 38
52 40
8 42
76 43
90 47
20 51
30 51
61 58
28 60
12 62
48 62
38 64
58 69
87 69
29 72
52 75
15 76
21 76
89 78
57 80
77 81
94 82
15 83
8 87
8 95
40 96
87 96
27 0
94 0
42 2
48 3
19 4
1 6
51 9
58 9
39 14
69 14
21 15
55 17
0 20
18 23
12 26
61 27
2 28
31 28
45 31
10 32
88 32
1 35
57 37
68 37
11 38
82 38
97 40
63 42
73 47
44 50
40 55
73 55
0 57
67 61
96 61
44 64
51 64
4 65
77 66
15 68
80 75
97 75
62 76
0 77
48 79
81 81
41 86
47 87
80 87
31 91
17 92
77 93
24 97
