114
22 72
21 2
17 11
40 25
12 26
3 30
2 34
61 35
85 42
61 45
80 50
4 62
72 68
35 72
74 76
53 80
21 83
85 90
57 91
24 92
64 0
33 1
78 3
10 4
40 5
62 6
46 8
28 9
73 11
23 13
83 13
32 18
16 20
84 21
60 23
30 24
76 26
81 29
33 38
20 41
0 48
46 56
72 58
17 61
90 63
75 68
86 69
56 70
96 74
13 76
83 77
64 79
70 81
3 87
43 87
61 88
1 94
33 95
49 95
24 96
0 0
51 0
84 0
14 3
67 6
3 8
96 8
48 11
42 12
16 14
57 14
70 14
90 16
20 22
89 24
43 26
25 27
19 28
66 31
75 32
96 33
4 34
25 34
42 37
11 38
88 38
47 40
93 41
37 44
88 45
16 46
69 47
5 48
52 48
35 52
9 58
78 59
54 60
45 63
25 64
61 67
38 68
26 70
41 74
96 78
77 80
28 83
93 84
77 87
43 89
67 89
76 93
17 96
58 96
