114
28 18
38 59
4 13
47 22
24 31
39 40
15 81
10 16
41 17
56 19
14 28
56 36
5 42
27 43
92 61
63 64
72 75
3 79
95 83
66 87
53 94
34 95
19 1
85 1
50 3
0 7
19 7
33 7
51 10
92 10
33 21
61 22
70 27
7 29
78 30
90 30
21 35
73 39
89 40
45 42
39 44
51 44
91 45
1 46
22 54
82 55
28 73
83 74
21 84
37 84
84 86
91 87
12 89
58 89
19 91
43 92
10 94
91 94
62 95
0 0
53 0
72 0
42 6
20 9
73 9
13 10
65 10
59 11
0 17
6 17
74 21
82 21
22 23
0 24
29 24
56 24
95 24
16 26
44 28
27 32
9 37
32 39
61 40
67 41
53 45
20 47
44 50
71 52
48 55
61 55
0 57
75 58
10 59
87 62
30 63
46 63
65 69
32 70
56 70
12 72
32 76
92 76
63 77
73 77
44 79
0 80
30 85
71 85
97 85
24 86
37 94
0 95
20 95
46 96
