114
41 13
53 45
84 3
46 2
14 10
2 12
27 21
16 27
73 46
39 51
32 52
18 54
50 54
57 61
37 63
12 65
68 65
86 69
73 74
27 85
60 96
24 1
9 2
96 3
31 8
12 16
97 22
82 23
23 25
73 25
87 26
37 27
88 31
64 32
58 33
92 35
42 36
23 39
36 39
58 39
14 43
60 45
3 49
83 53
91 54
73 56
79 58
45 60
93 67
46 70
12 73
51 74
65 74
59 80
35 81
94 81
34 91
78 95
28 96
16 97
35 0
54 0
63 0
39 5
62 5
71 6
81 8
87 8
1 14
67 15
38 16
31 17
47 20
4 22
28 26
6 31
49 32
81 33
69 35
26 36
76 39
30 41
46 41
19 43
9 44
80 44
66 47
52 48
43 51
1 52
97 53
56 54
24 55
31 57
39 62
17 63
0 65
26 66
38 70
85 72
24 73
95 74
3 75
79 76
50 79
63 79
17 80
72 87
14 89
22 90
39 90
48 92
3 97
69 97
