111
9 0
28 29
90 68
90 79
92 7
68 14
21 15
85 22
51 36
34 37
24 52
39 55
51 57
47 58
16 76
8 89
29 0
61 2
34 3
97 9
45 11
30 12
6 14
79 14
75 17
51 18
57 19
36 22
60 24
77 28
92 28
66 29
4 30
90 32
11 34
59 34
98 36
77 37
68 41
43 46
13 48
66 49
57 52
19 57
30 58
56 60
74 62
12 64
36 64
22 65
55 67
49 70
37 71
63 71
94 72
5 75
53 76
78 76
47 77
85 82
34 86
75 86
97 88
46 90
54 92
96 93
42 94
32 95
74 95
14 0
53 0
77 0
95 0
70 2
77 5
17 6
92 10
83 13
60 15
42 18
87 18
13 24
44 24
0 26
51 26
24 36
45 37
84 40
57 43
87 45
15 46
32 46
0 49
81 49
88 51
7 53
90 60
63 64
70 65
17 66
9 69
86 69
24 74
2 76
13 78
44 80
97 80
18 82
58 91
25 92
95 95
