202
61 5
5 64
91 91
5 0
12 0
19 0
26 0
39 0
47 0
54 0
68 0
75 0
81 0
89 0
96 0
0 5
19 5
33 5
47 5
75 5
89 5
12 7
26 7
40 7
54 7
68 7
82 7
61 11
0 12
4 12
19 12
34 12
47 12
89 12
12 14
25 14
40 14
54 14
68 14
82 14
96 14
0 19
5 19
19 19
33 19
47 19
61 19
75 19
89 19
13 21
25 21
40 21
54 21
69 21
96 21
0 26
5 26
19 26
33 26
47 26
61 26
76 26
89 26
12 28
26 28
41 28
54 28
68 28
82 28
97 28
0 33
5 33
19 33
33 33
47 33
61 33
75 33
89 33
12 35
25 35
39 35
54 35
68 35
82 35
96 35
0 40
5 40
19 40
33 40
47 40
61 40
75 40
89 40
12 42
26 42
41 42
54 42
67 42
82 42
96 42
0 47
5 47
19 47
33 47
47 47
61 47
74 47
89 47
12 49
26 49
39 49
54 49
81 49
96 49
0 54
5 54
20 54
33 54
48 54
60 54
75 54
89 54
12 56
26 56
40 56
54 56
67 56
81 56
96 56
19 61
47 61
61 61
75 61
11 63
26 63
40 63
54 63
68 63
82 63
96 63
0 68
5 68
19 68
33 68
48 68
61 68
75 68
89 68
12 70
26 70
40 70
54 70
68 70
82 70
96 70
0 75
5 75
19 75
33 75
47 75
61 75
75 75
89 75
12 77
26 77
40 77
54 77
68 77
81 77
97 77
0 82
5 82
19 82
33 82
47 82
76 82
89 82
12 84
26 84
54 84
67 84
82 84
97 84
0 89
5 89
20 89
33 89
47 89
61 89
12 91
26 91
54 91
68 91
82 91
0 96
5 96
19 96
33 96
47 96
61 96
75 96
89 96
