114
1 56
3 22
27 38
92 58
92 65
94 78
32 82
2 93
4 3
27 4
45 8
43 15
9 20
1 29
30 30
80 33
62 43
22 57
9 68
61 69
49 81
64 2
91 3
33 5
22 8
72 9
52 12
59 12
89 13
21 15
33 19
43 23
32 25
55 29
86 37
93 41
19 44
15 48
10 59
3 61
57 61
32 66
1 70
16 70
28 73
23 80
58 80
90 82
40 83
4 84
66 84
72 85
38 91
4 93
18 93
67 95
39 0
73 0
12 1
2 6
8 6
63 7
14 8
77 11
0 14
59 15
85 16
79 20
51 21
69 22
88 24
46 25
4 26
38 26
21 28
85 29
48 31
41 34
7 35
2 38
51 40
31 45
50 48
82 49
22 50
37 50
59 50
71 50
78 55
18 59
61 60
69 60
83 65
52 67
88 71
35 72
51 73
58 73
79 73
16 74
43 74
85 76
79 80
52 83
92 86
28 87
60 87
86 87
52 91
89 92
45 95
72 96
8 97
59 97
