122
26 5
66 16
93 72
70 4
48 11
83 18
28 20
40 24
25 25
52 38
26 62
37 62
25 75
75 78
14 90
43 90
92 94
43 2
77 4
27 9
85 10
17 13
35 13
54 17
68 17
9 18
96 18
45 21
3 23
85 23
28 24
95 24
97 36
7 42
68 45
49 48
55 51
13 54
61 54
5 56
77 59
83 61
62 63
44 66
15 67
67 72
28 73
55 77
89 80
95 81
85 90
19 93
3 95
44 96
70 96
59 97
9 0
60 0
87 0
97 0
19 3
37 3
61 6
0 7
90 7
96 7
18 16
60 20
68 20
47 21
54 21
63 27
81 28
87 28
27 29
51 29
57 30
18 31
9 32
68 34
1 36
22 37
92 38
13 42
26 42
37 42
52 43
84 47
76 49
0 50
65 50
34 52
19 54
6 60
94 62
53 63
0 64
18 65
32 67
75 70
3 71
48 71
84 72
10 77
31 77
65 77
17 79
52 79
39 82
96 83
0 84
20 84
66 84
72 85
9 86
55 86
27 88
65 91
55 92
78 95
4 96
95 97
