117
83 50
77 85
51 1
42 6
61 8
4 9
83 20
27 32
2 35
38 36
83 77
18 81
92 81
38 84
97 89
96 1
21 2
52 7
30 8
10 11
88 11
46 12
18 14
52 16
95 17
1 18
20 20
36 20
89 20
12 21
1 23
63 23
54 34
6 38
2 43
97 43
20 44
35 48
64 52
21 53
96 54
30 55
45 58
71 59
31 60
92 62
8 64
76 64
68 66
21 74
53 79
3 81
91 86
56 87
34 91
46 92
4 96
35 96
15 97
77 97
10 0
39 0
80 0
89 4
0 8
67 12
34 13
25 14
45 20
51 20
96 23
80 24
35 26
42 26
49 26
12 29
84 29
95 32
81 34
59 37
69 37
50 38
42 40
83 43
51 46
9 47
89 48
11 56
33 56
52 56
82 58
20 59
65 60
96 60
36 61
42 61
86 64
2 67
58 68
71 69
29 70
44 70
64 74
57 75
25 77
78 79
61 81
3 84
22 84
36 86
56 88
88 88
62 91
96 92
48 95
3 97
82 97
