113
23 67
11 79
85 16
31 31
56 69
88 72
75 2
12 11
92 12
57 21
66 22
74 27
93 28
8 33
43 36
89 46
30 61
3 67
62 78
79 81
40 89
5 2
30 2
91 4
0 7
72 12
36 13
29 23
37 23
3 26
12 26
89 30
57 34
65 34
54 40
70 40
2 43
79 44
62 48
5 53
61 54
93 55
70 58
34 63
77 68
67 69
7 73
96 77
56 78
96 83
68 85
77 86
26 91
56 92
84 93
66 94
91 95
36 96
57 0
21 1
49 2
67 5
87 6
58 7
6 10
21 10
63 11
30 12
96 13
16 15
6 16
70 18
88 18
0 20
80 21
56 22
17 26
91 29
75 30
84 31
4 35
15 37
76 37
22 38
31 40
4 41
50 42
57 42
96 44
32 47
39 47
48 48
26 49
76 50
16 52
34 53
0 54
51 57
59 59
97 60
85 64
57 65
27 66
33 68
59 71
2 76
44 76
14 80
30 86
8 88
16 91
3 96
57 96
