116
73 4
90 35
20 47
57 53
66 64
58 76
9 5
24 10
96 11
81 20
97 22
56 24
55 29
85 39
42 42
73 42
26 52
53 59
16 77
61 86
55 90
78 2
39 4
70 8
42 12
62 18
6 19
28 19
42 21
75 21
87 23
71 24
45 34
13 35
65 35
56 36
24 41
55 41
93 44
70 45
44 48
76 50
3 51
15 53
69 55
48 56
77 61
2 64
2 70
74 71
67 72
36 75
49 76
22 78
40 83
97 87
59 96
2 0
72 0
59 1
28 2
46 3
89 3
82 7
29 8
59 8
17 11
44 12
34 18
64 20
96 28
7 29
84 31
93 34
28 39
60 39
22 42
82 44
56 47
31 49
90 49
96 52
31 55
59 55
15 56
24 57
83 59
47 60
35 62
97 62
69 63
42 66
54 66
86 67
26 70
8 73
59 73
80 73
39 74
71 78
54 79
6 81
46 81
19 82
82 86
1 90
64 90
74 91
7 92
17 92
28 92
83 93
52 95
95 96
12 97
78 97
