118
24 38
30 47
39 55
28 0
58 6
18 7
38 8
66 8
28 23
34 25
66 30
95 30
72 57
59 59
61 69
3 82
27 93
60 95
52 96
70 0
52 1
26 6
1 7
10 9
71 9
91 12
38 15
79 16
21 17
9 26
51 27
26 30
1 34
61 36
14 37
40 38
73 39
94 44
42 46
54 49
34 50
67 50
21 54
52 54
86 55
7 57
5 68
55 71
88 73
64 78
83 79
17 80
94 82
85 89
42 90
95 90
72 95
18 96
65 97
18 0
38 0
61 2
83 5
55 7
19 8
29 11
58 12
42 13
12 16
79 17
49 18
96 18
66 19
73 20
10 30
20 30
79 31
6 35
26 35
54 36
45 37
97 38
33 39
83 40
48 44
0 45
23 45
7 47
78 48
86 48
27 54
41 54
64 59
35 60
77 60
83 61
26 62
69 62
11 65
40 65
79 66
21 67
68 69
13 71
5 72
8 77
67 78
42 80
35 81
54 81
26 84
60 85
0 87
68 88
13 89
2 92
32 93
77 96
