118
75 34
89 44
28 14
2 23
9 23
70 24
55 27
22 30
96 38
8 44
17 64
85 68
87 78
73 82
67 86
79 96
42 4
8 7
76 11
81 11
19 13
60 17
86 17
48 20
93 22
38 26
0 29
80 29
42 32
4 35
78 38
1 39
12 40
86 40
72 42
19 45
95 45
66 46
12 49
0 50
72 50
60 51
89 54
16 55
45 55
60 59
69 61
51 64
15 69
25 70
69 70
97 73
53 75
79 76
7 81
40 81
0 82
50 83
18 84
80 86
31 88
87 89
94 89
83 97
21 0
54 0
71 3
51 4
48 9
54 10
0 11
31 11
40 11
92 11
74 14
15 15
53 16
67 17
21 21
61 21
43 22
29 23
88 23
8 24
93 28
55 29
82 29
7 30
47 32
30 34
56 36
24 37
64 38
46 40
56 42
33 44
23 45
39 48
80 50
28 52
9 57
0 59
20 60
42 61
6 62
26 65
80 69
61 72
23 77
45 77
64 80
55 85
47 89
23 91
70 91
0 92
36 93
65 95
