120
2 14
25 19
69 47
62 9
79 12
32 24
11 31
35 44
64 54
75 60
60 66
15 76
97 76
73 79
79 81
27 82
30 88
95 93
68 2
40 3
27 4
91 4
84 6
6 8
89 13
33 16
76 20
63 23
79 27
5 28
52 28
56 32
92 35
3 37
35 37
79 40
23 42
71 42
6 43
61 43
11 46
18 47
27 47
37 53
54 56
26 62
54 62
81 63
97 65
49 69
35 70
3 71
59 71
5 76
48 78
60 79
87 80
19 88
61 88
0 89
24 90
68 90
57 94
6 97
14 0
54 0
96 0
30 4
7 5
22 5
65 7
95 7
58 11
46 12
8 16
15 16
88 19
96 19
0 23
68 26
21 28
29 28
77 32
61 33
69 33
47 35
55 36
97 39
53 43
75 45
2 46
16 51
86 51
7 53
68 53
59 54
96 55
0 59
85 60
10 66
28 68
81 71
30 75
36 76
78 76
0 80
21 80
65 80
44 82
80 84
52 88
7 90
33 90
87 93
70 94
41 95
48 95
64 95
9 96
32 96
