117
77 38
1 5
31 6
13 13
43 14
94 15
4 19
48 21
81 28
0 31
2 37
23 43
47 45
29 52
17 61
8 66
40 71
79 79
80 85
65 88
40 1
50 1
58 3
5 11
85 11
39 15
52 21
10 22
80 23
27 25
66 28
20 31
60 31
70 33
31 37
61 38
66 41
80 41
86 45
31 48
77 50
91 52
95 53
8 54
56 59
81 60
19 65
34 68
77 68
7 69
50 70
57 72
26 76
44 84
92 87
75 89
11 91
26 92
55 92
86 92
47 93
37 97
29 0
88 0
82 1
21 2
73 5
51 7
57 8
70 14
63 15
18 18
97 18
29 20
35 21
89 21
44 23
53 25
97 28
28 30
5 33
90 36
44 38
52 38
94 42
11 45
53 45
20 47
38 47
47 47
0 49
68 49
60 50
54 51
26 53
36 55
68 56
1 58
29 58
10 59
61 61
87 63
83 73
3 74
58 75
38 79
64 79
3 80
35 85
60 90
78 91
0 94
96 94
66 95
22 96
5 97
31 97
