115
67 17
17 22
94 23
46 39
87 40
28 55
53 65
50 94
55 6
96 14
55 24
19 29
41 42
67 45
55 51
5 53
78 58
7 59
16 67
59 71
94 73
36 77
23 85
42 91
93 2
76 6
26 12
63 18
68 18
5 19
86 22
29 27
55 33
82 33
4 41
33 41
89 41
74 42
15 50
70 50
21 53
87 53
42 58
64 64
48 67
75 72
86 72
97 73
45 78
95 80
16 87
18 90
0 91
25 91
34 92
12 94
16 97
82 97
6 0
18 4
43 5
91 5
34 6
27 8
0 9
57 10
78 10
12 11
51 11
40 14
47 16
0 18
10 21
59 23
0 24
68 24
34 25
95 26
25 29
43 29
7 30
0 32
69 33
79 36
96 37
53 40
32 44
37 48
73 52
93 52
34 54
46 55
28 57
84 61
79 65
53 67
38 70
10 71
25 74
59 74
47 77
0 78
14 78
31 78
37 79
83 81
90 84
68 86
83 87
55 91
69 92
92 93
5 97
33 97
39 97
