94
79 90
80 45
83 73
80 97
93 8
87 29
81 35
28 42
61 43
78 64
88 75
90 82
73 86
78 2
51 6
26 7
14 9
80 11
24 15
76 16
16 19
53 19
86 19
48 22
16 25
70 32
54 40
17 45
70 45
81 55
94 83
73 96
0 2
97 6
68 11
51 12
84 23
50 24
60 25
78 27
51 34
15 35
82 42
88 48
58 50
75 50
93 54
77 58
91 59
83 65
66 69
73 69
82 76
71 79
68 88
90 91
48 0
85 0
55 1
9 3
88 3
18 4
0 6
83 6
16 10
33 10
96 11
82 12
1 14
67 15
68 21
25 22
3 26
46 27
56 28
96 28
89 29
38 31
8 32
84 33
69 34
43 35
20 42
50 42
94 42
16 48
62 52
68 52
70 58
65 61
93 67
95 78
79 84
87 97
