102
97 1
2 3
89 50
86 90
49 6
9 10
56 29
33 38
14 54
14 76
94 78
62 0
38 1
6 2
79 6
17 17
45 25
24 34
67 37
15 43
54 43
21 51
82 58
28 63
7 64
19 93
42 96
32 7
2 10
36 13
84 17
31 18
73 19
4 20
70 28
76 28
93 32
31 33
41 38
81 38
26 44
75 47
64 51
75 52
4 53
90 54
69 57
58 58
71 66
26 75
52 77
23 83
62 84
65 88
1 97
71 0
56 1
65 7
44 8
55 8
89 9
73 14
37 18
66 20
25 21
50 21
91 21
58 22
85 25
50 28
41 30
85 32
34 37
46 38
67 41
57 44
53 50
82 51
0 52
23 54
40 54
47 55
34 56
20 62
61 63
39 65
46 66
74 70
43 73
35 76
15 77
80 78
37 87
77 87
92 87
28 88
54 90
69 90
49 95
59 95
77 95
35 97
