108
50 37
50 53
42 88
33 14
48 20
23 22
1 23
40 25
66 30
14 32
32 40
71 42
61 43
18 44
51 66
35 67
96 71
12 75
56 76
91 76
53 81
53 89
67 91
8 96
34 3
81 3
94 6
60 7
84 10
44 13
66 13
80 18
29 19
23 24
0 29
32 31
72 31
80 33
18 34
10 37
41 44
65 44
29 45
52 45
75 48
41 49
23 50
40 54
10 56
59 57
0 59
88 62
17 63
79 63
69 70
77 71
9 80
65 81
75 87
96 87
29 88
61 89
50 91
62 97
12 2
67 4
28 7
10 12
48 14
92 14
5 16
42 16
85 16
36 17
97 19
31 21
6 25
95 27
86 32
42 33
56 34
69 34
9 38
84 41
87 46
0 47
70 49
94 49
12 56
69 58
36 59
8 62
81 62
88 65
40 67
44 72
80 72
36 73
59 75
24 76
83 78
15 82
88 84
11 91
28 91
0 95
52 95
96 95
