118
7 17
44 37
69 2
15 4
69 8
30 13
6 22
58 35
87 40
54 41
62 50
28 58
67 59
1 65
86 69
83 78
70 80
74 83
28 87
37 88
14 94
77 96
3 8
45 8
15 9
62 10
39 11
14 23
38 25
93 26
16 30
65 32
2 33
38 35
5 39
40 45
78 46
6 47
24 47
32 48
71 49
12 51
39 51
56 57
93 58
42 64
69 64
22 67
30 69
17 71
95 73
31 75
9 76
42 76
12 83
19 84
82 86
87 95
88 1
28 2
39 3
93 4
50 7
76 8
35 12
69 12
15 13
45 14
50 17
70 18
42 20
24 21
78 24
70 25
57 26
84 26
24 29
92 30
29 32
11 33
70 34
79 34
16 39
89 41
53 44
44 47
19 49
85 49
15 54
43 55
28 59
17 60
60 61
8 62
75 62
89 63
55 64
96 66
1 69
54 70
81 70
24 71
47 71
66 73
29 79
57 80
13 86
50 86
91 86
20 87
84 87
32 91
40 91
58 91
90 92
64 93
18 95
45 95
