116
67 17
54 37
75 42
52 85
79 2
58 8
40 12
33 29
62 48
15 52
91 53
35 70
21 76
40 77
91 85
79 90
31 91
19 94
53 3
26 4
68 4
7 5
36 5
50 8
15 9
91 10
56 19
2 21
50 29
23 30
57 33
4 37
11 40
23 42
41 42
95 45
64 49
42 51
71 52
54 53
98 55
85 56
21 58
8 59
47 59
71 61
64 63
36 64
89 64
21 66
27 69
80 70
82 75
93 75
50 76
83 83
97 85
60 87
14 91
47 95
55 95
9 96
18 4
97 6
0 9
30 9
46 9
69 10
62 11
40 13
89 13
73 15
18 16
10 19
61 22
33 23
39 24
84 27
65 28
95 28
43 30
19 34
74 35
29 36
95 36
89 40
47 43
79 45
32 47
25 49
0 60
25 60
96 60
10 62
55 62
72 63
96 66
66 67
45 68
53 69
2 73
63 73
45 78
7 79
75 81
26 83
41 83
4 85
18 85
34 87
0 92
84 94
39 95
29 96
10 97
72 97
