98
24 12
16 25
6 13
2 3
26 15
76 20
4 57
16 78
29 4
53 5
2 19
11 19
28 20
11 26
75 27
96 30
24 63
17 68
21 82
50 89
13 90
68 93
14 96
93 0
13 2
18 7
90 7
96 8
60 12
18 18
83 20
88 21
54 23
60 26
82 27
67 36
97 38
62 40
88 46
18 51
59 51
11 52
85 53
97 54
9 58
78 59
95 59
13 61
73 63
67 64
48 65
0 66
61 67
20 71
83 71
7 73
27 74
89 74
58 76
86 82
69 83
75 84
19 87
23 93
59 94
52 97
69 3
63 4
27 5
78 5
83 8
64 11
54 13
0 24
91 24
23 27
77 32
84 39
61 42
97 43
74 45
68 48
24 50
82 56
89 60
94 69
92 76
0 80
51 81
27 83
64 85
2 88
8 91
72 92
3 94
66 95
9 97
26 97
