115
1 5
86 3
97 3
7 11
86 16
27 18
25 24
44 37
41 43
16 47
35 48
87 56
77 59
51 63
94 63
64 66
17 67
27 75
51 76
66 79
3 80
35 82
50 83
42 90
27 3
20 6
57 9
51 11
80 11
33 13
17 14
63 15
55 23
8 28
19 28
45 29
72 30
54 31
11 33
35 34
20 37
97 37
71 38
85 38
33 40
61 44
50 45
96 48
37 54
69 55
47 56
79 63
90 64
71 76
97 77
19 79
82 79
76 82
60 86
82 86
73 90
79 94
5 96
55 97
0 0
64 0
5 1
50 2
22 7
61 7
95 7
11 10
97 13
79 14
4 17
68 17
10 20
97 21
57 22
34 23
28 24
83 28
24 30
56 35
89 36
78 37
45 38
64 38
86 42
1 43
55 47
85 48
0 49
26 49
72 51
25 55
3 56
58 56
40 60
31 66
46 66
54 67
10 69
7 77
58 77
37 79
67 82
4 85
31 87
91 89
84 90
61 94
11 95
21 97
72 97
