114
45 2
90 56
3 87
67 5
51 10
74 20
97 25
91 29
10 37
38 39
51 45
39 48
97 56
65 58
24 74
97 76
11 85
67 85
84 91
5 6
85 9
99 9
3 15
51 21
0 27
24 27
67 30
43 31
55 37
47 39
5 41
77 42
95 42
26 43
59 44
83 48
43 50
70 56
1 58
42 58
22 60
30 60
92 60
59 63
82 65
48 68
35 70
12 71
81 72
80 77
51 81
25 83
54 87
67 88
18 89
0 93
71 93
47 94
7 97
31 0
53 0
83 0
70 2
78 3
1 7
30 7
39 7
66 9
93 10
96 17
29 19
19 20
35 20
75 20
5 22
89 22
82 24
9 29
73 30
82 31
90 33
66 35
17 39
83 39
2 45
29 46
65 48
13 49
25 52
82 52
57 54
76 58
47 59
2 61
16 62
53 65
72 65
27 66
95 68
43 70
7 72
35 72
26 74
93 78
35 82
86 85
97 86
55 89
11 90
17 94
62 94
52 95
22 97
46 97
