115
29 27
37 8
50 28
36 48
65 54
93 72
90 94
39 14
92 17
17 20
10 27
42 36
53 41
26 45
18 51
19 61
75 68
36 76
26 78
49 82
70 85
83 96
55 3
51 5
57 13
8 14
44 17
65 17
52 22
79 22
14 24
97 24
82 29
96 33
23 34
2 36
32 40
42 40
73 40
88 43
69 45
29 48
4 50
85 54
93 58
40 60
67 61
12 62
16 66
32 67
72 75
7 79
12 91
48 93
64 95
26 0
60 0
89 0
33 1
97 1
19 2
69 3
28 5
89 6
76 7
12 9
22 10
83 10
28 11
0 15
73 18
39 20
46 23
87 23
21 25
51 31
75 33
82 34
15 35
4 41
76 41
11 45
32 50
95 50
49 52
6 53
63 55
74 58
86 59
27 61
43 62
51 64
85 67
4 71
16 72
59 72
49 73
92 75
80 76
68 77
9 79
58 79
21 80
39 80
91 82
53 83
0 84
16 84
85 84
59 86
78 86
19 90
50 94
9 96
96 96
