114
51 52
4 65
34 43
27 52
29 95
88 97
49 0
29 13
53 15
57 23
28 24
45 28
90 31
17 34
44 40
5 47
65 76
77 82
45 91
0 92
6 3
15 5
95 6
87 12
5 15
80 22
96 22
16 24
74 25
37 31
9 32
61 32
97 34
11 39
97 40
62 42
89 45
9 46
48 54
2 55
70 57
92 58
19 59
97 59
33 65
61 67
73 69
14 70
79 71
34 77
93 78
26 81
44 82
52 83
60 88
20 90
97 90
56 93
53 0
59 0
71 0
26 1
43 1
33 2
72 7
21 9
35 9
42 13
59 14
88 14
31 15
49 20
49 26
71 28
0 29
23 30
45 32
58 36
70 36
51 37
76 39
73 44
93 44
20 45
57 45
65 49
82 49
26 56
8 57
77 57
83 57
0 60
61 60
55 62
6 64
20 64
27 68
95 68
88 69
22 73
11 76
57 79
82 79
32 80
63 81
71 83
76 87
4 91
20 91
63 92
73 92
0 96
11 97
91 97
