90
94 3
95 35
28 15
37 26
27 6
94 24
26 95
67 25
56 93
36 2
94 29
84 37
96 46
93 73
27 0
55 0
83 1
84 24
56 26
61 29
10 51
93 54
27 59
54 71
84 71
26 83
93 7
71 14
83 15
47 24
57 35
16 36
25 36
94 36
84 47
25 48
84 55
15 60
25 63
91 63
26 71
0 73
61 73
5 82
35 82
60 82
72 82
15 83
47 84
11 87
50 94
58 1
17 2
80 5
1 7
25 9
60 13
36 15
90 15
26 18
88 23
15 24
3 25
62 26
0 33
73 34
48 36
8 40
17 41
15 47
44 49
24 51
45 56
72 56
0 57
13 72
27 79
40 83
54 84
26 87
37 89
3 90
61 90
93 91
10 92
17 93
72 93
56 94
25 97
83 97
