117
38 6
65 26
33 62
39 71
7 2
88 4
44 10
62 11
73 24
40 34
20 35
45 40
1 41
21 42
76 47
23 52
52 62
61 63
55 73
35 76
38 88
12 16
42 20
80 21
93 22
53 23
90 25
45 27
25 30
81 33
89 35
9 37
86 41
44 48
16 49
9 50
86 50
30 52
96 52
14 57
23 57
66 57
11 61
28 63
21 65
90 67
7 70
94 74
80 76
42 78
71 79
2 86
8 87
71 88
27 90
93 91
82 96
68 97
43 0
93 0
28 1
48 2
20 3
0 6
8 6
80 7
88 8
37 11
66 11
93 11
77 12
87 15
59 17
67 17
7 18
33 19
56 25
2 26
67 26
10 27
47 28
0 33
91 35
71 37
6 39
48 41
54 41
96 43
32 45
77 47
0 48
40 51
71 51
46 52
35 55
72 58
46 61
77 62
56 64
97 64
28 66
81 73
24 74
56 77
92 78
2 79
16 79
34 81
66 81
53 84
60 84
11 89
43 89
0 91
17 91
56 91
43 97
