107
58 27
13 35
82 64
55 93
2 9
6 24
78 28
52 31
34 32
92 34
52 39
10 52
65 53
76 53
42 56
46 64
59 66
2 67
76 69
91 76
68 80
95 85
31 91
44 0
36 4
92 10
34 12
70 12
28 13
88 18
90 25
12 26
0 29
22 30
8 36
75 36
20 37
9 42
54 44
88 45
96 45
45 46
1 49
28 50
55 50
96 51
16 52
58 58
21 63
9 64
49 65
8 72
42 78
80 83
33 84
51 86
88 86
74 89
96 92
25 96
50 97
67 3
80 4
18 8
42 8
50 9
77 10
11 11
59 12
65 14
1 16
27 16
76 17
71 20
37 22
43 22
15 31
96 32
60 33
43 35
91 37
72 45
46 48
19 54
76 55
29 57
40 57
71 60
83 67
40 68
15 70
27 70
85 73
4 76
13 76
56 80
63 83
35 85
81 87
57 88
8 90
0 93
11 95
62 95
72 95
56 96
84 96
