117
87 5
95 13
93 29
69 4
60 6
36 8
77 11
81 20
71 26
82 29
56 30
93 37
14 47
42 55
55 70
94 71
34 72
2 83
63 83
31 93
18 5
2 11
40 12
24 13
49 14
56 14
39 15
83 15
4 20
30 29
56 34
0 35
64 36
95 41
77 45
22 48
56 50
97 50
85 52
61 53
12 56
27 56
97 56
59 59
84 62
24 63
40 65
28 66
69 66
5 71
79 73
49 76
35 77
86 81
42 82
71 84
7 89
20 90
46 91
79 91
75 96
56 97
65 97
8 0
29 0
48 0
74 0
41 1
61 2
88 6
29 12
68 13
11 16
93 16
29 18
43 18
58 19
51 20
89 21
8 22
59 25
38 30
25 35
37 36
7 38
60 39
68 39
17 40
43 40
0 41
81 43
7 46
1 47
41 47
33 48
51 52
77 54
4 58
45 58
70 58
58 67
17 70
7 72
25 73
59 73
67 74
14 77
29 80
3 81
47 81
97 82
0 87
59 88
89 89
13 91
7 94
32 97
