113
34 42
46 61
7 71
93 89
13 90
47 91
86 20
71 23
68 33
47 35
67 47
78 48
0 49
89 51
70 56
61 64
67 75
36 77
26 79
55 84
72 91
41 95
20 3
34 5
88 5
26 8
30 15
61 16
48 20
0 22
74 24
89 27
32 31
14 32
51 35
36 36
27 38
83 41
13 44
48 49
8 53
56 55
17 56
80 56
86 57
40 58
32 63
3 64
83 69
56 76
11 80
84 80
3 81
34 83
78 83
26 85
51 85
42 87
18 90
52 93
14 96
57 97
70 0
7 1
0 3
46 3
68 5
78 9
86 9
1 11
93 11
9 12
39 12
66 15
34 16
13 17
7 19
17 24
38 27
1 29
80 32
41 36
89 36
84 42
37 47
42 50
26 51
31 56
63 56
22 57
69 57
13 59
51 62
26 64
8 67
90 69
18 70
27 71
43 72
77 73
97 73
67 77
91 81
80 84
3 85
97 87
0 91
86 93
93 94
79 95
19 96
69 96
2 97
