111
70 1
95 37
60 40
16 43
84 48
66 92
88 2
72 6
92 7
81 11
94 15
66 18
24 22
76 23
87 31
33 46
8 48
34 53
95 60
67 62
67 71
69 80
50 86
84 87
89 89
29 92
38 0
1 10
20 10
43 16
48 26
79 30
12 34
52 35
65 36
0 49
48 58
5 61
34 62
81 62
14 67
79 67
38 71
30 73
54 78
96 84
36 86
65 86
22 88
8 91
36 92
78 95
18 96
10 97
14 0
22 0
47 1
8 3
75 4
97 9
45 11
53 11
86 12
59 13
96 15
48 16
32 17
97 23
4 24
71 24
54 25
28 27
65 28
18 30
40 31
0 34
4 34
13 36
86 38
72 42
45 43
59 43
14 45
65 45
50 46
36 51
58 51
79 51
89 52
2 53
46 59
40 60
54 60
95 61
59 64
82 68
9 70
60 71
44 73
4 74
80 74
60 77
15 78
94 78
88 79
72 89
52 92
30 94
57 95
88 95
0 97
