106
38 67
96 5
31 20
50 39
54 70
47 73
90 93
60 6
96 9
50 16
68 21
52 24
84 30
31 44
9 60
45 63
94 65
26 73
31 81
78 85
37 86
81 92
39 93
23 96
40 1
26 3
90 5
10 10
40 11
81 11
72 16
45 17
94 17
16 21
88 21
46 26
13 34
66 36
93 37
0 39
36 45
53 46
92 47
25 52
46 52
74 53
95 54
0 55
29 61
68 64
72 67
14 70
72 79
48 81
56 84
68 86
97 88
15 90
85 94
51 95
77 96
66 1
23 4
74 4
30 5
25 11
62 15
4 20
90 20
22 22
97 27
3 28
73 30
33 31
27 37
78 39
8 40
86 47
5 50
33 50
85 53
79 54
13 55
22 56
72 56
80 60
96 60
79 66
86 66
73 67
55 70
63 72
16 75
34 76
94 80
12 81
21 83
87 83
42 87
33 88
96 89
1 90
27 90
7 93
67 97
77 97
