108
66 13
58 22
63 96
11 2
49 5
43 8
53 15
93 21
9 29
23 30
46 31
57 34
14 43
34 43
40 57
54 59
71 67
79 67
21 69
89 81
13 85
36 86
34 94
4 97
29 4
60 5
35 11
7 15
18 16
44 16
1 21
19 24
73 26
94 30
79 35
0 38
8 38
61 38
97 38
68 40
46 44
26 45
54 45
91 49
34 51
46 53
16 54
80 57
24 60
38 61
40 64
96 64
33 66
64 70
35 74
75 78
41 79
61 83
5 84
30 84
21 86
81 89
55 92
19 96
6 97
14 0
44 0
63 0
88 0
83 1
73 2
9 3
20 3
65 5
88 5
94 9
78 14
62 17
78 21
34 22
44 22
71 28
37 31
32 34
87 34
49 39
25 46
1 47
16 47
96 50
0 55
68 58
56 59
17 61
83 63
25 65
43 68
19 71
9 74
47 74
68 82
95 82
51 84
65 87
39 88
76 93
55 95
31 97
