116
66 42
83 76
3 11
44 14
92 14
30 21
27 27
76 37
40 43
25 60
40 62
75 72
72 89
29 95
59 0
43 2
52 2
32 3
85 5
97 6
14 12
80 13
35 14
86 16
65 17
20 21
57 22
13 24
8 31
76 31
83 32
42 34
57 36
63 36
47 38
92 39
4 40
68 40
25 44
93 45
67 46
57 48
35 51
94 52
74 53
84 55
3 60
32 65
15 66
50 67
70 67
39 68
91 68
46 69
95 73
29 75
57 78
84 81
32 83
46 83
66 85
14 89
58 91
68 94
75 94
42 95
15 96
0 0
22 0
16 1
67 2
73 2
63 9
25 10
7 13
0 14
29 15
45 17
85 20
96 20
39 23
45 24
91 27
22 29
31 30
52 30
22 35
78 36
13 37
19 40
5 41
81 41
75 45
64 48
47 51
39 54
72 54
8 55
87 56
18 57
67 59
0 61
21 64
60 65
54 70
6 71
37 72
84 73
1 74
94 77
27 84
16 85
90 90
55 92
28 97
60 97
