114
60 55
82 74
43 24
42 35
37 94
6 6
35 21
3 22
90 33
76 35
19 41
42 49
68 66
92 68
41 69
4 91
44 94
78 3
95 3
61 5
84 5
29 6
70 6
56 7
97 8
84 11
39 12
75 13
31 27
78 27
50 30
32 34
66 36
25 40
4 42
34 46
68 47
81 47
95 48
8 50
30 52
80 54
35 56
94 57
52 68
27 69
61 71
67 71
32 77
23 82
86 82
9 84
56 84
76 84
38 85
65 85
32 86
72 87
79 89
96 90
22 91
50 91
65 93
15 95
4 97
37 1
88 7
47 10
30 13
12 16
39 16
84 16
78 17
17 19
29 19
90 21
53 22
67 23
33 25
11 28
56 30
36 31
93 31
1 35
45 35
89 38
80 39
29 40
56 41
20 47
56 47
49 49
64 52
2 55
41 57
70 59
18 60
91 60
0 64
96 65
45 66
2 70
85 71
73 72
11 74
59 75
57 84
87 89
29 92
22 94
56 95
70 95
87 95
40 97
