111
12 11
18 31
22 42
15 5
80 9
78 17
61 20
33 23
40 28
80 32
67 33
97 34
59 35
47 45
26 49
27 56
74 61
96 65
6 71
81 72
33 83
24 86
21 0
90 0
61 2
22 5
97 7
62 9
1 12
90 12
54 13
73 13
0 20
83 21
54 23
71 26
10 28
22 32
30 33
51 37
84 37
86 48
96 48
18 49
49 55
90 66
30 67
48 68
64 75
4 76
93 76
70 77
20 80
57 81
74 83
2 85
37 85
89 85
55 87
94 89
2 97
40 0
72 0
78 1
31 4
48 4
22 10
5 17
93 17
22 18
87 21
10 22
19 24
95 25
53 26
89 31
6 35
37 36
10 41
62 41
71 41
42 44
88 44
31 45
4 46
59 49
66 50
14 53
39 54
81 56
90 56
7 57
24 58
63 58
35 59
19 62
12 66
39 67
18 69
85 71
43 74
24 75
61 76
96 77
65 83
11 88
68 89
29 92
37 92
79 92
97 95
