110
34 31
71 94
7 48
5 2
19 3
69 3
43 7
7 17
74 17
17 22
96 22
81 35
33 36
16 38
45 39
38 48
78 48
63 55
71 58
72 79
3 94
54 95
91 1
62 4
27 5
6 7
65 16
81 20
11 22
27 24
4 25
63 28
74 30
1 32
38 33
52 36
90 37
33 40
54 42
18 44
89 44
49 47
17 50
84 53
15 58
77 64
38 66
28 67
50 68
16 70
64 72
75 72
5 73
33 73
52 74
89 75
67 78
94 79
9 82
31 87
72 88
97 91
33 92
7 0
35 0
81 0
72 2
8 6
33 7
13 9
92 10
0 11
34 15
59 18
21 19
53 19
97 21
17 26
42 26
56 26
10 28
96 28
60 38
9 39
69 44
54 50
47 52
95 52
39 55
50 59
86 59
62 60
2 61
86 65
57 66
3 74
35 76
21 79
63 81
25 84
7 88
62 88
23 91
43 93
56 93
12 95
34 95
77 95
19 96
95 96
