109
50 47
26 61
14 74
64 75
43 87
33 3
64 6
53 8
95 8
38 13
45 20
14 24
87 32
77 41
5 49
74 54
88 65
9 78
65 82
27 87
91 92
51 95
0 1
16 6
74 8
2 9
11 9
83 11
66 16
59 19
81 20
53 22
65 23
76 24
87 25
47 26
34 27
52 30
18 35
34 36
46 38
62 39
35 42
12 43
22 48
6 53
56 53
84 54
65 64
21 65
42 65
60 66
77 70
95 72
53 73
21 76
16 80
42 81
57 81
10 83
75 85
14 90
37 93
14 97
5 0
15 0
41 0
32 6
17 8
57 8
23 12
50 12
11 13
43 13
70 13
29 15
94 21
21 24
4 27
69 29
95 32
28 43
40 43
71 43
86 43
61 44
11 46
91 47
28 49
64 49
72 55
41 57
14 58
95 63
75 64
33 67
8 68
57 74
72 76
79 78
59 86
81 89
4 91
93 91
62 92
75 93
19 96
46 96
54 97
