116
50 27
12 45
39 81
39 1
79 5
90 5
30 6
61 6
70 13
43 23
61 27
70 33
20 34
3 36
20 46
58 50
90 53
65 65
41 67
50 68
25 71
44 77
74 77
4 80
34 92
12 1
71 2
44 3
76 9
21 14
70 18
94 19
26 24
73 24
81 26
90 27
97 27
28 34
60 37
4 42
74 46
32 50
51 50
69 50
19 53
4 55
37 55
47 55
93 59
75 65
24 75
55 75
12 81
84 84
59 85
29 87
74 88
16 89
2 94
93 94
94 0
2 2
2 8
10 12
43 12
57 12
29 14
83 16
48 17
13 19
61 19
36 24
54 28
87 31
11 36
80 36
41 38
33 39
49 39
86 41
0 45
80 47
28 52
85 53
25 57
57 57
17 59
32 59
1 60
45 61
21 64
94 65
3 67
86 67
39 69
91 71
0 72
60 76
94 76
19 77
89 80
41 81
8 82
68 82
88 87
18 89
80 89
47 90
55 94
68 95
25 96
86 96
4 97
41 97
78 97
95 97
