113
97 3
11 4
50 9
52 74
91 92
8 96
80 7
23 10
83 12
13 13
28 40
4 42
61 46
71 51
4 58
72 59
46 63
85 72
91 75
10 79
59 79
12 88
85 89
32 2
26 6
70 9
1 12
38 16
61 16
88 16
66 20
49 22
31 24
19 27
69 27
42 28
85 28
23 30
91 30
15 33
52 35
78 45
23 48
93 49
38 50
34 55
6 58
87 63
58 67
66 67
29 68
28 76
4 78
52 83
97 83
22 84
65 84
29 85
42 85
48 89
79 95
24 97
2 0
37 0
55 0
37 7
56 8
16 9
43 9
87 9
77 13
23 18
90 19
0 21
96 22
48 23
56 25
11 27
44 30
34 32
87 32
96 32
79 33
73 35
46 38
92 38
33 40
17 44
86 44
9 45
50 46
12 51
61 52
21 53
45 53
41 63
21 64
88 66
5 69
47 70
59 70
94 73
32 74
69 74
39 76
71 81
88 81
0 85
39 87
12 91
33 91
9 96
58 96
