109
71 41
13 9
30 10
7 15
15 43
21 54
85 67
66 9
43 15
10 29
85 39
40 40
24 47
48 49
10 51
70 56
6 61
45 65
64 75
22 79
43 81
14 95
80 0
69 1
87 10
73 11
54 20
23 25
0 28
31 32
66 34
92 34
55 35
20 39
65 41
55 42
77 42
92 42
40 51
91 51
77 54
97 54
14 56
30 59
16 60
50 60
62 61
7 65
38 71
7 72
76 74
59 77
8 81
67 81
95 82
51 86
91 91
42 92
64 92
23 96
13 98
13 2
47 4
38 7
76 7
97 10
10 11
42 17
81 17
74 19
49 21
35 22
95 23
39 27
45 27
21 28
84 28
14 30
8 35
46 39
29 41
36 43
3 45
67 46
51 48
81 49
4 53
42 57
36 58
20 60
87 60
71 61
55 63
50 66
65 66
31 75
37 75
82 75
70 76
20 81
13 83
59 83
27 86
1 88
81 89
88 95
96 96
61 97
74 97
