110
75 37
91 40
62 54
30 58
63 66
56 68
10 73
95 9
2 19
75 23
43 24
39 29
31 34
22 45
60 45
64 49
35 61
45 66
36 71
90 75
64 78
94 87
1 1
28 1
86 1
47 7
23 10
55 16
12 18
27 18
68 19
18 25
55 25
7 26
94 28
51 31
85 31
5 40
15 44
93 44
17 48
29 48
47 49
1 51
95 53
26 54
86 56
59 60
82 61
74 62
4 66
44 73
93 77
55 83
72 84
64 87
43 91
70 92
18 94
77 94
88 95
10 0
17 0
35 0
74 2
82 4
65 5
40 6
57 7
83 10
73 11
36 18
24 22
61 22
79 22
33 25
44 25
18 26
6 31
59 31
95 34
12 35
23 35
48 39
5 44
37 49
74 52
52 53
21 56
40 58
49 61
79 62
38 64
11 66
70 66
28 68
46 69
52 73
36 74
27 80
81 80
21 81
14 84
37 87
21 89
27 89
47 94
71 95
5 97
42 97
