115
92 18
3 6
22 12
39 13
84 14
23 20
28 27
20 31
40 36
91 36
16 39
70 45
2 47
45 47
50 53
42 54
4 57
31 57
48 61
37 63
72 70
12 74
47 87
45 92
38 95
18 96
53 97
10 0
52 1
80 8
33 14
45 16
54 18
67 20
16 22
42 23
58 35
68 37
92 44
83 54
0 65
54 65
18 69
93 76
42 77
73 77
34 79
51 81
92 83
65 86
55 88
72 89
85 93
63 0
83 0
18 3
93 4
35 5
47 6
2 8
88 10
95 11
50 13
0 15
10 15
76 16
28 17
84 18
21 22
76 24
91 27
0 28
26 29
34 30
46 31
74 34
97 34
58 39
94 39
13 40
20 40
27 41
16 45
74 46
7 47
29 51
93 51
34 54
72 55
91 57
50 59
85 59
11 62
74 64
35 65
82 65
48 69
63 69
34 72
58 72
21 73
3 74
28 74
83 81
21 83
4 84
73 84
13 86
27 86
94 90
8 91
31 92
78 95
84 95
0 96
