113
68 64
86 23
97 16
32 95
76 3
53 5
77 9
5 14
50 19
66 22
93 22
48 29
54 37
78 47
10 51
36 53
67 54
65 60
36 61
52 74
1 76
50 83
9 97
61 6
32 7
92 9
12 28
82 28
69 35
38 41
92 43
44 44
30 45
2 47
17 47
79 52
59 53
19 54
44 57
77 57
2 61
29 63
27 72
60 72
33 75
66 77
56 78
10 79
26 80
71 82
20 84
29 84
13 87
60 87
4 89
82 92
38 93
54 0
64 0
95 0
24 1
11 2
6 6
47 8
17 10
52 11
84 11
29 12
1 15
70 16
81 17
6 20
43 23
21 24
51 25
58 25
94 26
87 28
63 29
40 30
20 33
89 35
95 36
0 38
60 38
25 48
84 54
4 57
75 59
7 62
97 62
46 64
78 64
67 67
16 69
96 72
21 74
32 78
76 78
0 79
82 83
43 85
24 87
70 89
76 89
17 90
56 90
11 91
46 92
87 94
69 95
93 96
63 97
