109
72 15
23 32
5 36
61 53
18 2
48 2
36 10
16 11
70 25
44 27
33 28
62 32
35 37
23 44
69 55
31 58
67 74
52 77
34 78
63 78
66 84
47 85
76 89
85 0
64 4
1 6
86 6
80 13
74 18
35 20
61 24
4 25
17 26
54 26
90 28
29 29
77 36
19 37
57 39
14 42
57 45
73 45
6 47
11 50
32 50
92 51
49 53
49 65
97 65
70 66
38 67
14 71
81 72
37 73
88 74
21 79
40 79
9 80
79 80
89 81
53 84
18 90
55 90
44 94
57 0
96 0
72 1
78 1
9 4
43 8
93 9
29 11
86 15
44 17
94 21
73 25
66 31
36 35
43 35
90 35
0 36
79 39
35 41
45 42
63 43
85 45
37 49
8 51
21 52
16 55
4 56
50 57
62 58
89 58
39 60
0 62
79 62
0 70
44 71
93 75
0 78
29 80
87 86
36 87
86 93
68 94
56 95
79 95
39 97
