112
94 0
21 21
11 38
27 51
15 10
50 22
82 26
31 31
47 32
14 33
66 41
9 43
95 44
56 47
37 58
39 64
45 76
25 84
38 86
61 90
68 92
4 0
11 0
41 2
47 7
36 10
24 11
59 14
6 16
90 16
59 21
29 23
10 25
39 29
84 31
24 32
39 35
3 42
48 47
60 53
30 54
14 56
52 56
88 56
58 61
14 63
54 64
87 67
24 71
49 72
59 74
74 75
20 76
32 76
50 79
59 80
4 81
44 84
90 85
4 89
25 91
48 95
25 97
57 97
52 0
82 0
65 2
89 3
79 4
7 7
94 7
26 9
82 10
0 14
64 14
81 16
67 22
54 28
94 30
83 32
60 33
29 35
54 35
73 36
38 39
31 43
95 45
20 46
4 48
97 51
23 57
66 58
97 61
29 63
76 63
92 64
17 67
8 68
1 69
35 76
90 76
95 80
16 82
31 82
95 86
35 89
14 91
73 91
94 93
33 95
77 96
11 97
