116
19 77
81 0
87 24
10 46
3 50
91 57
41 92
25 95
11 11
93 15
51 38
94 48
10 51
19 55
58 58
17 62
44 66
75 76
83 80
95 95
96 0
9 4
27 6
91 6
53 7
46 12
56 12
66 12
5 13
22 20
8 24
67 26
21 29
7 30
73 34
37 35
91 38
15 40
26 42
52 42
55 51
0 58
8 60
89 63
34 66
89 74
44 76
10 77
61 79
12 82
71 82
0 83
12 86
46 89
74 92
39 0
70 0
17 1
48 2
33 5
65 5
76 5
86 7
28 8
34 12
71 12
15 13
43 16
93 16
64 19
31 20
39 23
92 23
22 25
75 25
0 29
86 29
78 33
31 40
6 41
38 43
62 45
21 46
49 46
12 50
24 51
32 51
83 51
40 56
23 58
80 63
7 65
0 66
88 66
96 66
27 67
19 68
36 68
62 71
68 71
94 72
52 73
0 76
39 82
22 84
32 84
96 84
60 85
63 90
19 92
80 92
10 93
28 94
34 95
51 95
62 97
