117
64 64
96 80
30 5
24 24
49 32
36 33
55 36
17 37
78 38
91 39
75 46
10 63
75 63
21 82
39 82
66 82
7 85
87 97
18 2
36 5
82 8
92 10
18 12
69 15
87 16
55 22
71 22
10 26
20 27
76 27
50 38
67 38
12 41
25 41
56 44
90 44
43 45
22 46
12 50
61 50
67 51
18 52
39 57
22 61
37 61
47 63
4 64
19 68
1 73
25 79
66 85
48 86
56 89
25 91
1 94
78 95
66 96
36 99
2 0
64 0
74 0
83 2
15 3
9 4
43 4
59 8
2 14
28 14
79 15
9 18
42 18
18 19
47 22
0 26
80 26
55 29
14 31
26 31
97 31
5 32
71 32
89 32
39 33
59 34
0 35
95 37
6 42
65 43
79 44
3 48
87 48
23 49
72 49
46 53
3 55
13 55
82 55
88 55
84 64
63 65
71 65
41 68
59 70
86 72
71 73
64 75
7 76
77 80
94 83
18 85
8 88
44 91
50 92
59 92
94 92
15 94
6 96
