116
48 48
82 40
18 96
69 0
7 4
83 6
2 8
29 10
39 10
32 16
51 17
91 22
82 23
38 28
41 34
74 62
15 69
79 71
52 85
78 85
40 89
51 95
79 96
36 0
56 4
73 9
61 17
75 20
12 22
70 25
65 31
27 32
46 32
52 37
47 40
56 42
30 43
26 44
74 50
35 54
96 54
87 57
36 61
60 64
92 64
87 68
48 69
5 70
26 70
95 72
71 74
27 77
21 79
33 87
52 91
65 93
6 96
0 0
47 0
88 0
27 1
42 1
97 3
91 5
19 6
64 8
10 9
48 10
95 10
56 11
81 12
88 13
0 15
45 15
96 17
27 19
52 21
82 27
29 28
88 28
58 33
65 33
21 34
71 39
85 42
7 43
76 47
91 48
14 51
65 51
74 56
12 57
45 59
86 60
0 62
79 62
97 63
35 64
74 65
59 70
38 72
7 76
0 77
80 79
70 81
59 82
90 82
14 84
81 87
90 89
1 90
68 90
20 91
96 92
83 96
60 97
