114
20 60
78 49
84 63
70 6
23 9
86 33
40 34
67 37
45 45
38 49
96 50
25 51
65 52
18 54
27 63
13 64
44 74
76 76
16 79
23 96
20 1
72 2
42 3
60 4
73 9
64 10
15 11
54 11
25 12
76 17
14 18
90 18
27 25
28 28
7 29
15 29
20 34
3 41
75 41
32 46
50 50
78 51
34 52
70 56
22 57
55 58
5 59
70 59
67 66
49 69
33 71
94 72
46 78
68 81
0 86
38 86
61 87
55 88
4 91
81 93
89 93
68 95
14 97
34 97
2 0
51 2
3 8
66 11
59 12
94 13
43 15
33 16
83 18
49 22
60 22
79 24
89 24
52 30
93 31
74 32
2 33
68 33
15 35
92 37
8 40
95 42
65 43
1 46
89 46
39 54
60 56
6 61
77 62
18 64
54 67
65 68
86 68
10 71
20 72
34 72
3 75
29 77
40 77
83 77
92 77
56 78
9 80
72 80
15 81
93 83
49 91
58 94
4 97
53 97
