165
96 61
33 97
71 5
54 7
6 13
1 16
14 21
26 26
97 26
90 30
50 33
27 35
22 40
30 40
86 41
17 47
78 47
10 48
30 49
89 54
62 61
79 63
72 68
86 70
34 75
54 82
86 82
48 93
0 0
6 0
14 0
22 0
30 0
38 0
46 0
62 0
78 0
87 0
94 0
0 5
6 5
14 5
22 5
30 5
38 5
46 5
62 5
94 5
14 12
22 12
30 12
38 12
46 12
62 12
70 12
78 12
86 12
94 12
0 19
6 19
22 19
30 19
38 19
46 19
54 19
62 19
70 19
86 19
94 19
0 26
6 26
30 26
46 26
54 26
62 26
78 26
0 33
6 33
14 33
30 33
38 33
54 33
62 33
70 33
78 33
86 33
94 33
0 40
6 40
38 40
46 40
54 40
62 40
70 40
78 40
94 40
22 47
38 47
46 47
54 47
62 47
70 47
94 47
0 54
6 54
14 54
22 54
30 54
54 54
62 54
78 54
94 54
6 61
14 61
22 61
30 61
38 61
46 61
54 61
86 61
0 68
22 68
30 68
38 68
46 68
54 68
62 68
0 75
6 75
14 75
22 75
38 75
46 75
54 75
62 75
70 75
94 75
0 82
6 82
14 82
22 82
30 82
46 82
62 82
70 82
78 82
94 82
0 89
6 89
22 89
38 89
54 89
62 89
70 89
78 89
86 89
94 89
22 96
38 96
46 96
54 96
70 96
78 96
86 96
94 96
