113
46 78
92 85
61 96
70 0
39 5
59 12
88 24
73 31
3 33
26 38
32 39
7 47
44 47
74 55
17 62
31 65
69 66
83 69
45 71
76 73
47 94
29 96
81 4
14 5
7 6
63 6
31 7
89 10
9 16
50 18
23 19
78 21
92 25
22 29
16 30
61 30
91 32
69 36
12 38
75 41
88 43
72 48
85 50
62 51
48 52
40 57
84 59
43 62
0 66
33 67
6 75
41 75
64 77
93 77
31 80
25 85
63 85
18 92
78 92
71 95
84 96
29 0
35 0
23 1
15 9
50 11
93 11
68 16
96 18
0 21
7 23
66 23
28 24
45 26
52 30
62 30
34 32
15 35
53 36
1 39
48 42
33 43
11 44
22 48
15 50
55 50
0 51
92 51
10 53
78 54
97 55
96 61
35 62
70 63
8 65
85 66
69 70
20 72
47 72
0 73
85 77
67 78
39 82
12 83
84 83
93 86
53 88
39 94
95 94
7 95
22 95
54 95
66 97
