107
14 18
64 21
52 32
83 34
22 40
72 63
22 95
33 96
21 5
44 9
93 23
11 27
92 30
56 40
86 45
47 47
56 48
65 55
44 61
33 64
10 66
55 76
66 76
35 88
84 93
40 94
92 97
42 0
31 4
86 19
10 20
27 20
1 27
72 27
57 30
65 30
20 37
97 39
67 41
90 43
97 44
12 46
60 49
5 52
25 52
18 53
67 58
36 59
3 60
97 63
81 64
60 65
18 68
10 71
23 71
73 71
83 74
23 80
97 86
22 89
89 89
56 90
96 94
3 0
57 0
64 0
85 0
2 5
48 5
22 7
92 7
7 8
33 8
60 10
53 12
93 15
0 16
67 18
33 20
43 21
31 30
36 35
81 35
7 36
76 41
70 42
96 48
83 49
33 50
0 54
14 54
27 58
9 60
56 60
52 67
91 70
12 74
0 75
43 75
28 79
0 83
6 83
5 89
65 89
76 89
60 94
34 96
