114
69 91
57 49
10 60
68 66
10 71
24 81
80 3
62 4
42 6
28 11
43 18
77 20
64 31
17 43
39 52
42 61
89 68
69 76
80 78
47 79
24 88
94 91
1 93
86 0
11 3
34 5
18 10
86 10
4 11
67 16
14 18
25 23
97 26
41 32
47 33
75 34
31 36
18 38
38 38
93 38
83 42
28 47
17 48
89 48
62 58
1 64
95 69
34 74
51 74
28 77
85 78
58 79
0 80
18 85
59 87
78 88
87 91
20 92
79 96
31 97
25 0
18 1
87 4
79 10
25 13
91 15
88 21
29 22
61 22
3 24
16 25
75 25
84 32
6 34
69 38
56 39
87 39
49 40
32 42
41 42
4 44
78 46
11 47
63 47
72 47
97 47
42 48
56 50
6 52
84 52
1 55
29 57
50 57
95 57
19 59
82 60
33 63
76 63
11 64
26 66
61 68
14 73
76 80
27 81
39 81
0 82
93 85
6 87
34 88
50 91
5 93
17 96
47 96
55 97
