109
46 29
29 31
75 66
78 89
29 8
96 9
61 17
85 37
65 38
30 40
66 45
52 49
38 55
34 62
52 63
61 65
40 67
97 80
40 85
62 88
0 90
27 94
61 94
94 0
23 4
76 4
88 5
17 10
41 11
48 11
19 16
89 16
32 18
40 19
7 20
61 23
16 29
58 30
20 35
12 39
12 46
40 46
0 47
73 47
84 54
20 63
31 65
5 68
89 69
35 71
59 72
8 74
26 81
16 85
97 87
84 88
46 89
2 96
41 97
30 0
50 1
66 9
2 10
11 12
49 16
77 17
13 21
29 21
93 21
21 22
76 23
35 26
48 30
86 36
72 38
4 39
59 46
85 46
93 46
74 50
14 51
69 53
47 54
90 55
77 58
13 60
86 60
97 61
14 67
45 70
96 71
23 72
72 73
31 74
50 79
57 79
82 79
33 80
65 80
74 81
8 83
31 88
12 91
18 91
52 91
5 95
25 95
77 95
95 96
