112
76 57
88 12
3 20
83 24
47 45
25 96
44 3
38 10
57 38
39 42
3 64
47 67
89 72
96 76
34 82
42 88
64 89
78 97
4 98
2 1
63 1
97 4
72 6
30 14
56 15
98 16
73 17
44 20
58 23
71 23
13 24
21 32
63 32
91 32
48 36
9 43
52 46
97 47
70 48
13 51
1 52
28 52
44 53
67 53
61 54
42 58
74 59
82 60
59 61
13 62
53 66
78 67
27 71
11 72
17 72
56 74
65 76
82 77
13 79
90 80
69 81
40 94
36 0
66 0
72 0
85 0
15 6
56 7
19 11
61 14
67 15
86 15
87 21
34 22
21 23
4 25
66 26
81 26
14 28
30 28
56 28
82 33
92 33
14 34
36 36
65 37
30 39
72 40
17 41
61 42
25 43
78 43
34 46
18 49
53 54
33 58
1 67
72 72
18 78
61 79
74 79
96 80
6 81
81 81
28 83
54 85
72 87
8 90
83 90
32 91
12 97
95 97
