114
70 71
12 86
43 0
79 53
92 83
71 84
63 7
46 11
70 20
2 25
90 25
87 31
22 42
39 48
31 53
38 64
69 75
79 80
36 86
89 92
36 3
1 4
10 4
71 6
39 7
83 9
52 17
11 19
21 20
72 23
62 24
12 30
64 37
31 39
81 40
11 43
77 43
4 46
83 51
52 52
72 53
81 57
94 60
56 64
18 65
29 65
67 65
42 76
24 77
54 78
17 79
72 79
86 79
50 86
64 87
35 90
59 90
77 91
6 94
36 96
66 0
90 2
28 3
68 10
25 11
96 15
0 18
39 18
51 21
95 23
19 25
75 25
55 27
22 30
38 30
49 30
71 31
5 34
86 34
43 35
0 38
56 39
50 40
91 47
11 48
63 48
34 52
45 52
10 55
25 56
88 57
0 61
76 61
42 62
7 63
85 64
49 65
41 68
0 69
18 69
79 70
32 71
5 73
60 74
25 81
75 82
95 82
6 83
86 86
70 87
11 90
82 94
96 95
2 96
