113
14 28
21 3
7 10
41 19
57 97
40 9
80 16
95 18
51 23
40 26
60 37
82 40
77 46
50 51
6 59
61 61
75 64
54 65
8 71
3 78
83 92
86 97
28 0
40 2
8 6
80 10
69 17
31 18
47 18
61 20
3 21
82 28
92 29
74 30
41 33
94 44
41 46
66 48
10 49
59 53
87 53
34 55
91 58
96 64
0 66
59 67
87 69
18 71
48 71
32 75
87 80
78 84
85 86
35 87
17 88
53 89
40 92
47 93
32 95
17 96
71 96
95 97
45 0
78 0
94 0
29 3
50 8
66 8
22 10
43 10
56 11
97 12
17 13
88 19
9 22
73 22
19 25
68 31
86 33
28 35
3 36
71 37
41 38
49 39
22 40
8 41
57 41
1 43
15 43
0 51
94 51
15 54
71 54
39 56
46 59
64 60
83 61
13 63
77 64
92 68
67 70
74 72
43 74
95 75
65 77
5 79
24 85
92 89
61 92
0 93
51 95
21 96
8 97
