109
69 20
34 64
45 73
30 90
81 20
16 26
38 27
86 31
78 34
91 40
59 45
86 46
81 57
96 61
8 62
17 66
83 66
57 70
38 74
86 78
50 79
57 81
90 88
28 97
54 4
94 7
59 12
85 12
4 21
87 24
94 32
12 33
36 33
61 37
71 39
97 39
12 43
64 44
70 47
25 48
14 49
18 53
45 54
70 54
96 55
77 59
64 63
41 65
64 71
69 71
94 71
97 74
75 76
21 81
47 85
56 87
82 87
5 88
34 92
43 93
8 96
78 96
84 97
16 0
28 0
42 0
64 3
84 6
40 7
9 9
52 9
15 12
97 14
22 15
57 18
31 19
75 21
43 24
20 26
47 31
65 32
38 35
53 36
23 38
41 40
45 46
61 49
0 52
30 54
12 59
25 67
12 69
49 69
31 72
6 74
63 75
57 76
27 77
88 78
96 79
33 80
67 80
74 83
21 86
67 86
45 88
59 89
95 91
46 94
