101
39 60
71 60
22 68
26 79
74 16
74 24
54 27
78 29
22 30
62 34
29 35
33 59
78 61
24 3
36 20
81 23
67 25
64 40
67 44
38 46
89 47
67 55
20 58
53 65
64 65
56 70
72 73
81 75
28 7
43 15
12 16
62 16
87 18
19 21
40 23
16 25
26 25
8 27
31 28
54 32
84 36
19 39
58 47
33 50
97 52
58 56
49 60
30 65
2 68
27 73
35 73
18 74
72 76
83 80
40 88
0 0
61 2
47 3
33 7
46 13
75 16
60 21
70 26
63 27
34 30
40 31
11 34
45 36
29 37
70 39
24 41
80 42
19 50
5 51
77 53
41 55
58 58
82 58
65 60
19 61
34 61
42 61
58 64
11 66
76 68
61 69
87 69
5 70
46 73
53 73
10 75
59 76
19 78
71 79
34 80
65 80
23 85
71 86
25 91
44 91
5 96
