114
60 8
17 29
3 45
61 49
40 77
15 85
63 2
45 7
79 9
57 27
95 30
14 52
8 54
80 55
89 55
47 56
82 68
74 78
27 79
52 83
62 86
69 86
9 96
32 4
86 5
38 7
81 14
97 14
74 17
61 21
78 22
41 29
49 29
63 29
39 32
30 34
46 36
85 40
6 42
19 42
15 43
26 47
54 47
86 48
36 58
3 66
24 68
12 72
76 72
5 76
43 79
61 79
37 81
13 88
81 88
55 89
31 91
46 93
85 94
34 95
16 0
21 2
47 2
91 5
29 12
55 12
0 13
18 16
39 16
7 17
52 18
47 21
95 21
22 22
34 22
6 24
75 25
93 31
0 32
65 35
78 35
59 38
68 43
95 43
46 47
97 53
1 54
70 54
83 56
92 56
55 57
18 58
42 58
76 60
23 61
64 62
8 63
45 65
52 67
86 67
28 68
66 72
97 75
84 76
90 77
18 78
0 82
85 83
63 89
68 93
59 94
88 94
3 96
23 97
