116
44 19
6 9
68 53
18 67
13 72
45 76
74 5
93 8
82 13
8 24
22 29
82 30
93 43
65 44
86 44
90 48
0 60
64 61
74 61
53 68
71 72
78 78
59 86
14 0
67 1
26 3
51 6
61 8
40 9
28 11
16 12
34 15
1 17
70 17
59 20
31 23
77 24
39 31
92 31
23 45
56 45
49 48
60 51
19 55
33 58
44 58
27 59
16 61
36 66
8 71
24 76
36 80
53 83
16 86
91 87
47 91
79 95
56 97
67 97
1 1
14 5
44 8
66 10
76 12
7 13
19 14
81 16
27 17
46 17
90 18
17 20
85 21
94 23
0 24
13 26
62 28
97 29
1 30
31 34
55 34
25 35
70 38
97 38
12 41
38 41
79 49
35 51
9 53
91 55
5 62
51 62
72 64
95 65
26 66
37 69
85 69
57 72
95 73
86 75
63 77
71 79
37 80
3 83
81 84
61 85
71 85
9 87
21 87
33 88
0 90
49 92
19 94
7 95
25 96
43 96
0 97
