113
82 6
37 9
57 18
5 76
70 79
11 4
82 15
40 16
51 17
64 26
47 28
15 29
53 37
41 49
54 62
38 69
81 81
50 92
16 96
46 0
66 0
86 0
72 1
5 4
43 6
28 8
71 9
96 14
76 21
5 22
31 23
58 23
88 24
70 27
91 31
70 32
94 36
32 39
19 43
70 44
60 46
14 48
3 49
25 50
83 53
74 56
10 57
89 63
77 66
84 69
17 73
44 73
96 73
93 83
24 84
81 84
6 85
84 88
81 94
41 97
62 97
92 0
15 5
88 5
56 8
84 10
1 12
16 14
6 15
27 15
64 15
95 17
40 19
47 20
16 22
96 23
38 26
1 28
74 28
19 30
95 30
41 33
1 35
81 37
5 40
53 40
47 44
82 44
62 47
25 52
0 54
51 54
84 57
45 58
62 59
7 63
39 63
15 64
67 64
53 65
0 71
20 71
70 71
89 74
7 77
12 83
32 85
51 89
18 90
47 94
68 96
94 96
26 97
