109
20 26
48 48
32 62
42 62
89 80
11 2
47 5
96 12
54 16
8 30
53 30
64 33
74 36
79 40
0 41
0 53
70 53
43 70
58 88
80 88
48 89
36 91
20 3
72 3
64 5
54 6
88 6
38 10
79 10
48 20
55 21
4 22
39 22
34 28
43 30
59 32
89 34
16 39
46 39
95 39
11 41
22 41
68 41
43 51
58 56
84 59
54 62
0 66
95 67
59 70
7 71
16 77
44 82
26 85
13 88
82 90
2 92
23 92
16 94
58 94
42 0
78 0
33 2
17 6
0 7
58 7
9 8
23 8
45 10
15 12
92 13
0 14
72 14
57 15
64 19
80 21
73 24
11 26
20 27
67 29
81 31
51 36
72 41
58 43
18 44
42 44
36 48
81 51
1 54
30 54
44 57
35 59
76 60
28 64
77 67
32 72
44 73
0 74
91 75
38 76
8 78
0 82
85 82
74 89
93 90
30 91
73 95
88 95
32 97
