109
87 48
66 57
29 4
6 14
64 15
64 84
76 2
84 3
71 20
44 23
35 34
43 34
71 44
43 49
1 56
6 63
33 67
8 69
92 70
90 74
38 79
41 84
10 87
85 91
5 0
44 4
85 8
71 10
85 17
42 24
26 29
81 31
6 33
72 33
95 34
14 36
78 36
23 37
88 37
36 42
22 46
12 48
31 49
97 49
79 53
97 56
59 58
91 60
52 61
42 68
77 71
71 74
20 81
71 81
29 87
18 88
68 94
16 96
33 97
9 0
97 0
36 1
14 4
57 4
48 6
23 7
36 9
78 10
52 12
13 13
25 16
74 18
53 19
84 20
67 23
48 24
89 29
64 34
4 38
41 38
95 39
48 42
77 43
1 45
16 47
48 48
72 48
15 57
22 57
37 61
9 63
72 63
15 64
55 65
0 68
62 72
25 73
13 75
76 77
29 79
97 79
45 82
80 83
35 85
0 86
74 86
93 88
55 91
90 94
