111
63 9
89 51
7 62
30 81
41 90
11 5
1 7
22 19
68 23
50 24
41 30
49 30
70 30
32 35
50 36
19 40
64 46
53 49
70 54
37 65
80 72
5 74
86 76
49 85
64 91
62 0
85 3
39 6
31 7
0 11
43 15
58 15
75 15
95 18
3 20
13 20
61 24
24 25
6 27
34 29
78 39
10 41
38 42
70 44
78 51
32 52
56 62
12 70
97 70
52 73
74 74
23 75
35 77
17 81
34 84
49 94
5 0
51 0
46 3
79 3
91 3
6 8
96 8
28 10
83 12
64 14
33 16
49 16
39 22
93 26
21 28
85 28
26 31
67 32
7 33
96 33
54 34
16 43
92 44
6 46
12 48
97 48
3 52
25 54
87 54
93 55
41 56
30 57
0 58
76 58
9 59
15 59
85 60
70 62
49 63
18 65
0 66
44 66
47 75
57 77
95 82
14 85
27 86
76 86
4 88
62 92
88 92
14 94
21 95
95 95
37 96
