114
18 76
40 12
49 80
13 90
55 4
72 13
47 19
69 22
26 26
62 32
58 42
34 44
15 52
33 57
84 60
82 72
37 74
58 95
5 0
10 8
42 8
15 11
48 11
2 18
86 18
41 20
69 28
55 34
91 34
0 35
96 37
63 39
7 42
49 42
28 43
23 48
72 48
83 48
45 51
57 53
66 53
7 56
42 56
36 57
15 60
45 61
3 62
69 64
91 65
14 66
42 69
25 73
6 74
80 76
14 78
3 82
87 82
19 83
46 84
69 88
22 94
81 95
41 97
41 0
51 0
69 0
97 0
32 1
83 8
0 11
59 11
95 15
67 16
58 17
19 18
79 19
51 23
6 24
30 27
18 28
95 28
44 29
71 29
9 31
22 36
78 38
88 38
16 40
40 47
88 47
71 53
0 54
22 57
32 62
51 66
62 66
1 67
90 67
70 69
56 72
48 73
61 75
75 77
31 81
34 86
51 86
24 87
30 91
60 93
95 93
55 96
84 96
19 97
35 97
