112
58 45
38 5
4 18
43 43
88 71
79 75
64 79
29 3
62 21
36 29
44 29
87 29
97 29
55 36
29 46
80 56
36 57
46 59
13 60
34 66
60 67
19 72
10 75
56 82
39 91
47 2
0 4
16 4
6 13
51 15
24 16
45 22
67 23
32 31
51 31
30 37
66 37
37 40
91 42
11 47
20 48
68 49
16 50
44 50
98 50
48 53
56 54
68 61
75 62
85 62
25 64
25 73
46 79
29 80
18 83
71 85
47 87
15 91
85 93
73 97
52 0
60 0
71 4
8 6
22 8
89 8
74 9
68 11
57 14
92 14
0 16
84 17
49 18
97 18
9 19
36 19
76 19
16 23
10 25
69 29
56 32
21 34
44 34
87 35
95 36
79 38
13 41
51 44
84 47
29 48
25 53
2 55
31 58
50 59
2 64
24 66
10 68
45 68
61 68
30 70
1 77
93 81
21 84
35 85
74 85
60 88
90 90
0 91
22 95
49 95
59 95
91 97
