99
3 3
13 1
23 1
33 1
43 1
13 5
23 5
33 5
43 5
3 8
13 10
23 10
33 10
43 10
3 13
13 15
23 15
33 15
43 15
3 18
13 20
23 20
33 20
43 20
3 23
13 25
23 25
33 25
43 25
3 28
13 30
23 30
33 30
43 30
3 33
13 35
23 35
33 35
43 35
3 38
13 40
23 40
33 40
43 40
3 43
13 45
23 45
33 45
43 45
3 48
13 50
23 50
33 50
43 50
3 53
13 55
23 55
33 55
43 55
3 58
13 60
23 60
33 60
43 60
3 63
13 65
23 65
33 65
43 65
3 68
13 70
23 70
33 70
43 70
3 73
13 75
23 75
33 75
43 75
3 78
13 80
23 80
33 80
43 80
3 83
13 85
23 85
33 85
43 85
3 88
13 90
23 90
33 90
43 90
3 93
13 95
23 95
33 95
43 95
