116
75 30
62 10
26 15
52 46
61 59
84 62
87 70
69 74
50 5
3 23
30 31
20 34
55 34
60 41
97 47
41 61
76 61
80 67
47 73
19 88
55 92
78 97
84 0
62 2
70 2
38 7
83 7
21 9
20 15
14 20
48 21
18 22
84 22
27 24
94 24
81 28
43 33
67 34
45 42
38 43
27 51
6 52
35 54
76 54
86 54
31 56
90 59
7 60
18 63
1 71
80 75
90 76
39 78
8 81
69 82
85 88
14 96
71 97
0 0
38 0
25 3
52 4
72 4
85 4
13 7
88 10
56 11
6 12
29 12
38 12
78 17
39 18
33 20
72 21
11 23
63 28
10 29
1 32
74 32
8 35
32 35
39 35
77 37
31 41
0 42
64 43
79 44
16 46
38 47
55 49
8 52
15 52
2 53
54 55
96 56
45 59
29 63
39 63
81 64
53 66
25 70
68 75
1 77
78 81
87 81
23 84
48 85
59 85
4 86
29 86
69 87
79 89
93 89
25 91
32 92
89 94
