114
77 30
1 51
21 18
20 31
57 44
9 55
96 6
21 7
91 13
1 30
84 30
90 32
85 39
51 46
19 56
63 72
68 80
20 85
13 88
89 88
82 95
72 1
26 3
70 4
9 14
52 14
71 14
87 16
58 19
15 21
35 25
54 26
64 29
26 30
97 31
79 34
24 36
45 36
53 37
8 40
65 43
21 47
3 55
45 65
35 67
6 69
94 69
1 74
84 74
42 77
7 83
65 87
18 93
64 93
10 94
91 95
39 96
10 1
3 2
26 5
0 6
96 7
41 8
23 11
36 14
43 15
49 16
79 17
95 17
29 18
24 22
67 24
59 32
67 32
30 35
13 38
24 39
91 40
75 42
0 44
65 45
5 48
38 48
88 49
33 51
79 53
26 54
54 54
8 56
33 59
2 62
71 62
19 64
68 67
39 68
50 68
10 72
33 74
45 74
24 75
97 75
83 77
52 78
34 83
43 84
70 84
22 85
80 85
36 89
49 89
27 90
55 95
68 97
74 97
