112
65 32
94 69
5 76
86 5
93 7
52 10
61 12
39 18
73 20
54 22
21 24
87 33
0 50
85 56
39 58
46 67
83 71
27 76
2 82
43 90
13 1
60 2
31 7
78 8
32 12
6 13
79 13
25 15
0 18
29 25
52 26
14 29
2 36
11 36
21 41
87 41
97 45
37 47
13 49
91 50
27 51
60 52
21 54
46 56
65 56
21 60
7 64
34 64
58 67
93 72
40 73
51 76
36 78
19 79
83 81
10 82
59 85
0 87
84 90
17 94
36 94
47 94
56 96
44 0
22 1
97 3
18 9
24 9
40 11
68 11
87 11
96 14
75 16
65 17
33 18
60 22
34 24
78 27
97 27
6 28
69 30
19 35
34 35
49 35
61 40
73 40
51 41
76 48
96 50
33 51
50 51
1 52
72 60
93 62
0 63
83 63
26 65
76 66
21 71
56 71
13 72
29 72
89 73
69 78
28 80
95 81
13 87
22 88
10 94
30 95
74 95
89 97
