111
4 4
71 37
16 42
49 44
78 50
55 56
27 69
86 0
82 14
71 21
67 32
15 34
52 39
92 43
31 48
58 54
32 55
73 69
69 79
2 85
17 86
67 88
9 92
59 92
1 97
75 97
97 3
75 7
12 8
2 12
34 12
65 12
54 14
58 19
43 24
82 26
75 31
61 33
35 35
37 50
46 50
5 51
52 59
57 65
90 69
35 71
43 71
48 77
96 81
54 84
22 88
92 90
66 92
30 93
56 97
97 97
0 0
11 0
17 0
50 0
67 0
83 2
43 4
25 5
90 6
19 9
11 11
68 11
0 13
76 13
85 14
31 15
8 16
95 16
62 17
31 25
47 26
0 27
93 27
53 29
85 32
39 33
70 43
81 45
23 51
40 51
69 51
81 52
34 55
12 56
76 56
43 62
74 62
64 63
20 64
6 66
26 70
19 73
32 74
70 74
77 76
10 78
43 78
31 80
41 88
83 89
13 91
88 93
49 95
7 97
32 97
