112
96 22
73 34
5 40
5 59
69 77
82 91
66 13
82 15
34 27
14 28
51 35
96 49
20 55
45 61
94 63
32 73
50 80
14 83
88 83
88 94
63 2
7 4
91 4
29 6
73 9
95 13
38 14
40 20
77 28
90 29
30 33
80 33
77 38
73 44
82 45
49 48
12 50
68 56
2 57
77 61
33 62
26 63
91 65
24 69
38 75
12 76
61 76
29 78
5 82
32 82
55 84
40 85
14 88
33 89
76 89
60 90
2 93
10 96
68 0
97 2
57 3
43 4
12 6
51 9
80 9
19 10
25 12
12 16
46 18
87 18
68 19
51 23
23 24
6 25
96 25
30 34
87 35
95 35
15 36
54 37
46 39
17 43
58 43
0 48
30 49
54 55
11 56
60 56
96 56
21 58
36 60
65 63
14 64
79 64
96 64
3 70
51 70
89 70
78 72
18 75
0 76
89 76
64 81
0 83
21 83
95 88
22 90
31 90
53 90
90 91
15 96
4 97
