103
24 67
89 85
34 8
63 13
87 27
75 34
22 38
49 49
9 66
9 74
8 97
72 12
80 15
90 21
25 27
73 44
12 45
60 51
16 58
95 61
34 69
94 90
42 3
56 3
8 7
23 7
15 9
42 9
49 10
95 13
68 15
54 19
38 20
18 22
62 23
46 26
73 26
96 30
19 32
60 40
40 41
27 45
35 50
16 51
22 51
7 52
87 59
0 60
75 65
2 69
62 69
78 76
88 76
15 77
57 78
28 85
35 86
15 87
83 92
26 94
48 94
54 96
64 0
76 0
93 0
90 4
0 6
27 11
19 15
25 17
49 19
6 20
46 31
57 32
0 34
87 36
92 39
42 45
52 47
84 49
35 52
68 57
59 58
54 61
40 62
81 65
18 68
68 68
42 70
55 70
22 73
4 75
50 78
81 79
62 85
54 88
76 90
9 91
96 91
33 94
18 95
61 95
48 97
