115
46 21
54 84
69 4
55 9
22 10
5 12
15 22
44 27
34 50
35 57
41 67
78 67
85 76
31 79
94 92
4 95
21 97
19 1
78 1
27 2
74 6
64 9
82 13
40 14
26 16
59 19
20 21
52 26
59 30
88 30
13 31
68 32
48 33
7 34
82 36
15 37
58 39
1 41
24 41
75 41
37 42
66 44
96 45
57 47
72 51
80 52
2 56
91 56
10 58
61 61
95 61
17 63
88 64
94 68
73 70
47 73
54 74
92 75
63 76
47 81
92 81
83 82
3 86
62 86
71 87
32 88
9 0
40 0
29 3
89 3
12 9
68 11
9 14
75 15
30 20
65 20
37 22
7 23
81 24
97 24
0 26
27 28
39 34
97 36
14 40
8 42
21 43
30 44
87 46
16 47
38 48
26 53
79 53
51 54
73 56
23 60
49 62
56 63
5 65
31 69
0 70
22 74
6 77
86 80
12 85
6 88
49 89
76 89
23 90
84 90
96 91
39 93
72 94
45 96
66 97
