102
95 3
42 23
57 61
53 86
44 94
58 97
46 4
28 10
82 20
53 23
12 46
83 47
49 51
7 61
68 71
23 72
94 74
0 76
26 92
86 93
72 2
63 4
5 6
92 6
43 9
3 13
97 13
18 16
66 20
71 20
29 23
43 23
73 26
84 26
56 28
3 29
53 33
6 34
22 35
47 35
66 39
75 40
92 44
60 45
35 46
55 51
71 51
90 51
21 56
26 56
40 56
79 57
99 57
13 62
51 68
36 71
76 72
12 76
63 77
27 78
8 79
36 80
48 80
87 82
62 88
1 95
33 96
28 97
1 0
46 0
48 5
57 5
11 9
42 10
70 12
25 15
18 18
57 21
91 23
37 27
78 32
39 33
61 34
97 36
19 43
78 48
9 49
32 50
65 53
88 53
2 54
58 54
29 61
63 63
7 65
79 75
73 76
13 86
16 91
77 93
6 95
38 96
