115
50 16
86 42
52 48
9 63
12 84
85 15
25 29
18 31
4 33
93 33
12 39
80 44
94 49
80 55
21 67
42 73
52 75
47 83
26 84
36 86
94 90
48 94
50 0
97 1
46 9
96 9
57 11
67 11
33 14
42 19
76 19
63 23
84 23
64 27
56 29
22 35
74 35
4 41
53 42
22 43
43 43
45 54
65 54
25 55
79 61
63 62
79 69
65 70
9 73
70 74
20 86
50 88
61 89
64 93
10 94
78 95
8 0
15 0
58 0
72 0
83 1
75 4
18 6
0 9
76 10
15 12
62 14
97 14
56 15
9 16
70 16
0 20
12 21
49 22
18 23
31 25
37 25
71 25
83 28
11 30
41 30
50 33
61 35
95 35
93 42
8 43
45 43
68 44
74 45
3 48
84 50
15 51
55 52
0 53
93 56
20 57
27 61
96 63
48 66
81 69
95 74
17 75
41 75
61 77
87 78
2 86
75 86
66 88
14 90
96 91
33 94
89 94
55 95
42 96
80 97
