111
11 23
49 27
31 55
3 76
18 92
44 0
1 3
93 9
62 10
34 13
89 14
86 26
7 27
16 28
37 34
46 43
90 51
75 58
40 84
72 90
4 93
22 2
81 2
88 2
32 4
37 7
11 13
65 13
25 14
82 15
59 17
38 20
24 22
63 24
2 31
12 35
87 35
28 42
88 43
4 45
41 47
21 48
44 49
81 52
14 57
21 57
48 57
92 59
58 62
20 64
33 64
50 64
86 66
7 67
73 67
38 70
66 75
29 76
54 77
6 79
20 79
56 83
25 87
45 87
10 0
34 0
49 1
65 1
7 3
20 4
15 7
50 8
1 9
69 9
94 11
43 12
0 16
48 17
16 19
94 20
34 23
42 24
55 25
66 25
88 26
20 29
15 32
45 32
77 32
7 37
33 37
81 38
53 42
9 43
67 46
56 47
93 47
72 49
3 59
41 59
65 59
58 69
84 78
95 80
19 81
86 84
92 88
60 94
70 95
3 97
90 97
