111
50 35
47 94
85 0
89 14
34 20
10 37
64 37
35 38
43 41
69 42
15 43
97 45
33 52
54 72
85 74
59 80
0 81
15 83
8 93
80 96
4 0
15 9
47 9
73 9
62 10
50 12
1 13
42 18
92 20
72 22
34 26
97 26
87 33
55 35
25 36
46 36
83 39
76 40
92 42
2 43
60 47
90 49
44 50
23 52
97 54
85 56
13 59
55 60
11 67
30 69
75 69
68 72
22 79
80 79
53 86
20 87
81 88
29 90
52 93
18 94
3 95
74 97
60 0
93 0
39 1
85 6
96 6
75 9
28 13
96 13
78 15
8 16
66 20
18 21
6 22
26 22
51 22
14 27
57 28
0 29
94 30
78 32
25 37
36 42
76 43
53 49
36 50
59 50
46 52
87 56
7 60
56 60
38 63
87 67
0 68
47 68
19 70
78 70
92 71
11 73
34 73
40 73
48 75
26 77
65 79
71 79
96 87
76 89
27 96
33 96
58 97
