110
29 13
94 13
79 36
70 38
56 59
54 75
29 6
61 13
25 14
37 14
64 22
55 23
1 24
57 35
47 44
36 52
21 60
38 60
31 68
5 69
97 69
96 86
36 90
70 0
76 0
19 4
67 4
89 5
89 16
97 16
73 19
79 19
20 20
44 22
97 28
67 29
17 30
40 30
35 34
28 44
41 44
54 49
7 52
46 61
30 62
84 64
0 70
26 71
80 75
0 77
64 80
42 82
71 89
67 96
36 97
49 97
6 0
92 2
1 4
46 4
71 8
52 11
65 13
0 15
9 15
34 16
92 22
19 24
79 25
87 25
70 29
62 32
0 35
33 37
97 37
53 38
82 39
76 41
31 44
41 50
26 51
78 52
69 53
87 53
63 55
54 60
95 61
4 63
38 66
48 67
57 68
6 69
31 73
41 73
20 78
28 78
77 78
86 79
3 81
49 82
8 86
18 86
54 86
24 87
0 90
89 90
72 91
82 91
56 94
77 94
