110
42 44
47 68
95 36
61 58
75 66
51 1
11 17
80 19
42 24
2 27
5 42
27 44
49 61
39 63
55 65
18 72
64 77
69 88
46 91
72 95
39 0
64 0
17 3
56 4
24 21
89 21
94 26
81 27
56 31
14 32
72 33
82 34
14 39
89 39
62 43
9 44
75 44
23 46
82 47
27 52
2 59
11 61
21 61
67 64
63 65
30 66
0 68
56 72
89 75
25 76
36 76
97 77
77 78
72 80
28 81
9 82
63 83
74 86
36 87
2 93
32 93
90 93
25 95
0 0
27 2
48 3
85 4
92 5
0 6
67 6
25 10
64 12
15 13
56 15
38 16
1 21
62 23
50 24
35 26
64 29
22 32
32 32
7 35
32 39
95 39
49 40
0 43
67 46
0 49
7 49
96 49
88 50
15 51
36 51
42 59
83 59
15 61
7 63
71 68
5 71
83 74
49 79
87 80
4 83
19 84
57 84
51 90
58 91
93 94
74 96
