111
59 66
30 72
94 72
7 75
11 10
40 10
80 12
69 14
28 19
71 23
63 28
33 29
16 31
91 41
38 53
84 58
87 69
55 74
36 79
88 81
6 84
26 85
3 92
87 92
9 95
6 2
75 3
28 5
91 6
0 12
92 12
46 14
22 24
9 25
51 26
38 28
73 29
94 32
46 35
46 42
49 44
81 45
61 48
6 49
31 49
75 52
18 56
31 58
50 60
91 60
31 65
22 67
13 70
0 74
51 83
18 85
33 87
66 95
33 0
67 0
49 5
97 5
32 6
27 10
4 12
55 13
14 14
29 18
44 18
65 18
95 18
79 19
86 23
17 25
5 27
57 29
66 31
75 31
21 33
80 36
64 38
6 41
95 41
13 46
19 46
0 47
43 52
87 52
7 54
66 55
71 58
39 60
63 61
5 63
97 65
25 67
72 70
46 74
62 75
11 78
17 78
56 79
96 80
89 81
69 82
0 85
94 91
45 95
27 96
39 96
66 96
