108
17 96
34 6
51 52
2 58
89 76
16 4
25 9
39 10
96 12
32 13
61 21
92 22
36 24
43 28
92 29
87 32
13 34
54 39
24 41
33 44
88 51
60 61
26 67
33 68
73 85
64 1
78 1
33 19
18 21
79 26
60 27
64 29
5 33
31 35
0 40
85 43
18 45
32 49
59 49
74 49
8 55
96 62
61 63
18 65
52 71
1 73
14 75
43 75
35 77
79 78
52 79
77 82
85 83
59 87
78 88
20 90
89 90
43 93
70 94
13 96
25 0
65 3
40 6
88 6
51 7
9 8
62 13
22 14
87 14
56 15
77 15
1 19
16 23
70 30
25 31
50 32
83 34
15 36
94 36
5 38
0 43
68 46
21 48
48 53
63 53
39 54
96 54
28 56
84 56
20 60
5 61
38 62
96 66
73 67
85 69
63 70
28 71
64 78
0 79
20 81
44 81
9 82
26 84
35 86
80 89
47 92
76 97
89 97
