113
76 35
23 31
68 38
40 39
46 86
38 2
16 4
74 13
46 17
23 40
31 50
25 57
39 60
91 60
55 63
80 70
59 74
49 79
35 93
94 96
91 1
21 2
68 3
76 3
62 4
84 4
46 6
21 8
29 8
62 9
33 20
77 20
69 21
32 24
41 26
62 27
50 32
56 34
4 37
79 37
72 39
16 41
25 43
66 47
92 48
22 49
1 54
46 55
2 61
14 63
47 65
9 66
93 68
29 70
2 73
32 77
25 79
12 81
64 81
2 86
49 86
78 87
29 93
51 96
65 97
0 0
59 0
83 0
13 8
34 8
5 9
82 10
90 11
22 13
0 14
67 15
51 19
0 23
15 28
97 29
0 30
28 31
11 34
34 37
45 39
83 39
6 40
58 41
83 47
58 49
29 52
86 53
54 55
75 55
64 61
19 63
84 65
43 67
14 71
80 74
96 76
17 78
83 79
41 81
67 81
25 84
18 85
35 87
61 87
81 91
6 95
40 96
84 96
