106
8 3
64 15
36 89
23 0
43 5
3 11
56 11
80 16
17 19
89 21
34 22
82 26
27 30
62 39
14 42
24 48
58 49
53 54
31 62
45 71
97 80
56 82
72 83
34 94
55 94
47 2
18 5
32 7
81 8
70 9
91 9
50 13
8 16
24 16
45 16
94 18
55 19
9 21
64 26
71 28
17 32
97 33
2 34
75 34
34 35
22 40
51 40
50 46
86 46
94 47
0 57
14 65
27 71
83 72
10 76
85 76
28 80
36 81
4 82
69 84
47 86
93 87
2 91
16 93
74 94
23 96
84 0
52 2
41 8
58 9
29 11
69 13
92 21
21 22
7 26
39 29
87 30
7 35
69 38
83 39
28 42
39 43
76 43
16 45
68 45
12 52
24 54
15 57
85 57
0 59
43 59
50 63
39 64
88 64
96 64
8 66
60 66
32 67
91 69
68 71
74 76
58 77
11 80
82 86
93 94
41 95
