120
91 60
62 32
12 39
53 68
62 69
35 2
10 9
55 9
6 13
72 19
50 21
26 26
32 39
72 42
9 43
40 50
48 53
82 65
51 73
90 77
9 91
0 0
80 3
65 5
18 10
86 11
76 17
17 22
70 23
2 26
11 26
44 27
69 31
52 32
94 32
26 33
40 40
29 46
61 46
96 48
7 49
29 55
79 55
3 56
97 65
13 69
3 78
62 79
2 85
17 91
35 91
88 91
25 92
51 93
69 94
80 95
74 97
6 0
39 0
47 0
96 1
20 3
26 3
59 6
48 8
21 10
78 12
31 13
45 13
14 14
66 15
0 16
23 17
30 19
36 20
87 20
52 21
60 22
97 24
32 27
8 29
0 31
46 36
90 36
97 38
64 40
12 42
79 43
18 47
87 49
64 51
19 53
23 58
14 59
52 60
46 61
33 64
73 66
0 68
66 68
83 68
37 69
96 69
9 72
77 76
43 77
8 78
85 78
95 78
29 79
51 81
13 82
40 83
28 85
60 85
2 92
17 93
85 93
53 95
44 97
