117
52 25
44 46
78 52
57 54
72 78
53 83
53 0
26 22
79 23
74 24
53 32
23 33
41 35
79 36
39 41
17 55
6 62
44 76
35 79
88 82
11 86
95 0
31 4
40 7
2 8
88 9
2 14
64 14
21 16
36 22
34 25
13 27
29 28
35 29
10 34
26 37
64 37
29 46
59 46
89 46
39 47
87 54
67 59
86 60
23 65
47 68
5 69
96 74
21 78
75 78
2 82
62 82
33 90
71 91
25 92
95 93
39 95
49 95
62 97
0 0
12 0
64 0
77 3
20 5
47 5
11 6
30 10
53 11
11 16
46 17
61 18
67 19
0 20
4 24
41 24
60 24
71 27
33 34
53 35
73 37
92 38
23 39
49 40
67 41
73 45
79 45
52 47
95 47
5 48
45 49
64 50
21 51
37 51
73 51
12 57
20 57
48 59
78 59
0 61
38 62
67 64
74 64
20 69
55 69
39 73
51 76
10 77
28 78
16 81
62 83
86 86
81 89
86 95
30 96
73 96
80 96
0 97
