118
64 2
86 28
45 44
28 91
45 91
31 1
1 4
74 7
59 10
96 29
75 36
73 61
40 77
7 87
42 0
77 0
6 2
51 4
39 5
95 8
51 10
59 15
85 15
67 18
12 19
96 19
2 20
34 25
8 26
63 27
2 31
21 33
93 33
70 34
61 35
30 41
39 43
82 43
71 46
20 48
70 53
17 54
62 54
37 57
8 58
31 58
26 64
38 65
67 65
73 65
42 70
51 70
97 72
20 77
5 79
59 79
94 80
25 83
82 83
57 84
18 87
96 89
57 95
92 95
55 0
83 0
1 8
12 9
26 9
37 10
90 10
82 17
91 20
52 24
78 24
26 30
80 35
46 36
0 37
10 38
4 40
71 40
90 41
9 46
34 48
0 51
52 51
83 52
96 55
78 56
17 57
11 58
86 58
0 60
58 62
3 63
84 64
21 67
89 67
14 68
47 71
61 71
74 71
83 77
14 78
63 82
70 82
29 83
40 84
60 88
84 88
67 89
12 90
20 92
37 92
96 94
0 97
30 97
