116
28 64
35 11
15 13
12 48
35 69
11 3
83 8
87 17
34 25
29 40
21 41
67 46
12 59
84 60
32 77
8 81
20 84
76 90
66 91
18 93
67 0
54 4
3 6
45 7
71 9
50 10
29 16
78 16
10 17
28 22
78 22
92 24
12 25
58 28
82 28
64 31
11 33
47 33
69 34
6 38
47 41
75 42
5 46
29 49
97 54
0 55
38 63
12 66
70 67
63 68
3 70
84 71
65 75
37 77
95 81
60 82
53 86
22 88
40 90
4 91
93 95
47 96
69 97
88 0
90 7
96 11
17 12
34 13
0 14
47 19
37 21
2 23
69 26
93 27
28 28
15 31
36 32
76 34
12 39
75 44
36 46
47 46
68 47
90 48
22 49
61 50
43 51
54 52
79 52
28 55
97 58
75 60
18 62
40 63
46 66
50 71
75 72
18 73
42 73
87 74
0 75
25 78
67 79
32 80
40 80
49 80
0 83
13 85
87 89
39 91
6 92
25 93
74 95
34 96
88 96
1 97
