112
25 8
43 64
54 48
1 6
76 9
29 12
89 18
92 27
35 42
25 43
90 47
79 58
6 61
69 63
37 77
77 77
48 78
26 80
51 97
49 0
57 4
41 8
8 9
95 9
48 11
36 13
32 15
46 17
67 20
81 20
31 21
37 22
22 23
46 23
69 24
3 26
76 28
14 33
45 36
84 39
96 41
47 42
15 48
62 48
70 48
40 52
90 54
35 57
95 58
22 60
53 61
79 64
94 66
22 70
83 72
66 76
72 78
97 78
13 80
10 84
88 85
51 88
4 89
75 90
81 94
37 0
97 0
24 1
71 1
29 4
51 5
16 9
57 9
97 12
1 18
56 23
95 23
49 31
59 31
69 32
77 39
59 40
37 41
2 42
75 45
21 46
95 46
3 48
57 50
78 50
21 53
66 56
73 56
95 62
32 64
84 64
60 65
9 68
54 68
69 68
38 71
21 73
57 75
32 85
38 85
63 86
92 86
82 87
31 91
15 94
75 95
39 97
