116
86 13
32 59
85 91
23 3
3 5
20 8
71 14
82 20
38 29
74 31
49 35
63 38
19 41
67 45
14 46
97 66
52 68
87 82
50 88
63 91
61 6
8 9
34 13
76 15
70 17
55 20
11 30
78 31
3 33
42 35
28 36
57 36
95 46
30 48
83 50
3 51
95 53
40 54
42 58
20 61
33 63
41 64
65 64
24 69
8 70
86 70
67 73
76 74
13 80
50 80
30 82
90 85
0 89
34 89
73 91
12 92
4 94
97 96
89 97
0 0
28 0
39 0
49 0
89 0
7 1
40 6
97 7
87 8
94 12
19 13
39 13
47 13
5 17
87 20
32 21
50 21
80 21
97 21
3 24
25 24
42 24
15 25
66 30
91 38
32 40
79 42
6 43
44 43
71 43
10 48
20 48
67 48
73 50
29 52
51 54
86 54
70 55
5 57
86 61
0 62
53 62
58 66
80 66
94 68
13 70
37 70
26 72
55 72
78 75
86 77
5 82
93 87
55 90
14 96
44 97
72 97
