113
75 49
86 68
25 69
61 12
2 18
30 25
15 32
36 45
43 45
17 52
63 54
26 56
74 56
66 72
4 75
46 81
36 84
59 84
70 85
94 90
83 0
62 1
7 3
95 3
67 6
14 12
94 12
87 13
65 16
96 18
16 21
8 23
65 25
4 27
54 28
29 30
32 35
68 38
76 40
4 44
25 44
67 44
40 48
81 48
30 49
1 53
14 57
97 60
75 66
95 66
73 72
0 76
28 76
89 84
30 87
41 89
47 91
56 92
78 94
29 1
70 1
35 2
75 4
22 5
0 7
70 9
6 11
78 11
33 12
28 16
68 16
59 19
74 20
88 21
96 27
42 28
77 28
59 30
21 31
88 31
16 34
47 34
40 35
25 37
89 38
55 42
49 43
67 46
97 48
55 49
42 52
79 58
17 59
44 59
54 59
35 60
4 61
23 63
17 66
91 70
19 72
54 72
49 77
62 80
96 81
74 84
86 90
63 91
38 92
12 93
0 97
21 97
44 97
