107
80 15
36 28
2 4
64 31
42 36
55 51
44 58
60 2
66 3
49 4
97 5
31 6
36 14
25 15
83 24
42 28
56 34
87 37
31 38
95 57
7 80
32 84
71 91
6 0
87 2
45 9
18 14
37 17
97 17
50 19
69 19
65 25
0 26
49 29
86 30
72 33
78 33
66 35
24 36
49 38
48 46
37 48
68 48
63 49
5 53
62 57
82 57
4 60
34 62
74 66
37 68
80 70
68 72
42 74
86 74
93 77
58 79
79 79
42 81
97 83
65 85
7 87
57 89
52 96
30 97
28 0
15 3
58 3
50 5
65 9
83 9
51 12
12 18
31 22
11 25
90 26
8 40
88 42
5 46
75 46
45 50
13 53
64 53
76 58
93 58
65 59
16 60
42 61
84 61
57 65
11 68
61 73
0 74
22 74
47 75
8 77
34 78
71 82
88 84
97 87
18 88
2 90
9 91
40 91
46 91
62 91
35 94
