106
54 19
26 32
96 57
64 72
24 77
76 92
26 95
38 3
84 5
65 9
51 10
3 15
85 24
96 25
53 31
96 35
10 46
71 46
40 47
60 52
38 60
4 62
77 62
24 63
41 68
74 83
35 93
75 0
97 4
59 5
10 6
44 6
19 7
28 11
75 13
45 16
18 18
12 24
4 25
37 34
47 43
62 45
6 50
55 58
65 58
48 65
34 67
26 68
8 71
43 71
54 73
95 74
2 87
55 92
11 94
81 95
16 97
97 99
3 4
59 8
95 9
35 11
85 14
24 16
41 18
48 18
24 23
51 23
90 26
14 30
59 30
73 31
51 32
6 35
0 36
35 36
65 38
72 39
83 39
53 42
96 42
17 44
27 45
78 46
0 47
85 49
37 50
48 51
30 53
97 61
1 64
16 67
68 71
0 73
27 73
35 75
74 75
27 85
65 86
93 87
83 88
43 89
44 95
57 95
69 95
0 97
