115
87 13
34 60
5 84
47 16
8 18
34 26
93 33
17 36
47 37
42 40
95 47
14 48
21 55
52 55
0 61
51 69
88 70
16 87
33 89
25 97
7 0
14 4
33 7
71 8
21 9
60 9
56 14
17 19
63 19
76 23
54 26
70 26
37 31
60 31
0 34
76 34
49 43
55 46
66 46
40 47
63 52
95 52
81 58
70 60
97 61
77 66
72 67
64 69
94 70
21 72
44 73
34 75
76 75
10 76
87 77
94 79
15 90
55 91
72 92
60 95
90 95
10 97
51 97
0 0
35 0
89 0
97 0
42 1
74 1
67 2
11 12
81 13
38 14
49 17
0 20
22 22
92 24
45 28
26 34
19 35
90 35
36 36
51 36
11 37
96 38
31 42
24 45
84 47
9 49
67 50
0 53
72 53
89 54
13 56
43 56
64 62
0 64
35 64
97 65
48 70
77 70
25 77
57 77
18 78
85 78
32 79
44 79
70 82
44 87
1 88
28 91
0 94
33 94
79 95
71 96
