114
83 3
23 3
62 18
49 88
41 7
96 8
79 13
54 31
90 35
65 38
48 41
62 44
93 45
42 49
92 54
57 56
21 68
8 78
93 82
15 88
45 95
31 1
48 4
64 5
69 8
60 13
40 14
0 17
70 17
89 17
18 20
12 22
59 25
49 26
74 28
39 33
37 43
10 45
54 45
46 50
76 57
65 58
86 58
7 60
76 63
69 65
44 70
94 73
20 77
32 79
58 80
37 85
3 86
27 88
75 89
1 93
12 96
59 96
85 96
77 97
0 0
16 0
91 0
75 4
85 4
11 5
27 5
0 6
5 6
90 8
32 10
10 13
50 13
70 18
14 27
24 30
6 32
92 32
16 34
30 35
40 35
49 36
85 39
79 41
0 42
14 46
21 47
4 48
86 48
27 50
68 51
1 53
15 54
29 61
0 62
60 62
5 65
97 65
13 66
56 70
84 73
64 75
0 77
45 78
39 79
13 80
70 81
64 83
57 84
51 88
82 89
70 92
49 96
91 97
