111
54 10
50 16
6 28
92 82
63 2
65 10
88 16
57 20
26 26
54 40
77 46
57 48
55 56
46 62
31 63
3 67
55 74
9 85
81 87
58 90
41 95
12 96
11 3
88 8
22 9
75 14
29 15
13 16
36 16
88 21
6 22
62 23
69 23
97 23
40 24
76 24
22 28
14 29
68 35
95 35
81 39
17 42
90 45
67 49
18 51
24 56
70 56
76 64
68 65
86 65
20 66
43 70
61 72
84 73
96 76
26 77
2 78
68 79
41 80
66 84
37 86
45 89
71 95
85 95
79 96
21 0
49 0
80 0
5 6
68 7
42 8
0 14
91 14
97 14
62 16
9 18
25 18
51 21
34 28
59 28
44 29
9 32
24 33
55 33
62 36
36 40
96 41
82 42
12 44
32 50
45 51
11 52
88 52
40 57
35 63
9 66
91 66
45 67
14 71
35 75
11 77
85 81
52 83
91 85
0 86
75 87
26 88
32 91
92 92
28 96
40 97
