108
14 17
80 22
6 31
40 48
81 67
49 96
81 6
23 14
63 20
42 23
7 26
72 27
7 40
62 40
50 51
26 53
81 55
34 57
5 58
83 58
50 74
72 87
13 92
79 0
37 5
41 12
47 13
94 13
33 17
84 24
19 27
54 27
38 28
64 30
49 31
91 37
53 39
96 42
59 44
24 45
54 45
15 48
32 49
21 54
45 56
11 57
39 58
18 60
94 60
36 61
67 67
12 68
40 69
25 70
34 71
59 72
28 79
11 80
36 80
56 88
32 92
26 97
18 98
18 0
30 0
69 0
85 0
95 0
0 6
27 6
58 8
2 12
10 12
80 13
45 17
63 21
0 22
94 22
20 29
47 36
33 39
78 39
8 40
3 45
89 45
0 49
66 50
60 52
26 57
45 60
61 60
24 63
97 68
45 77
57 78
64 80
80 81
2 82
10 83
86 87
42 89
50 89
78 90
7 93
90 94
41 95
61 96
71 96
