117
30 86
68 73
4 3
23 3
14 12
4 29
75 29
70 36
39 50
84 54
52 57
11 63
39 65
4 66
81 66
50 76
72 77
18 80
39 84
58 89
83 3
15 5
55 5
46 7
9 10
7 15
92 17
35 22
29 25
47 26
20 31
49 35
34 38
83 39
20 47
90 52
9 54
12 55
24 55
78 59
69 61
78 70
24 73
60 73
9 74
25 79
95 79
76 82
64 85
97 86
22 87
70 88
81 88
86 95
22 96
57 97
11 0
24 3
62 3
0 5
38 5
29 7
74 7
54 9
33 12
12 17
56 17
47 18
2 21
77 21
8 23
59 26
25 27
80 28
38 33
57 34
89 34
18 35
43 37
37 39
25 40
50 41
85 42
93 42
44 43
73 43
33 44
58 45
44 49
30 54
2 57
84 57
43 58
54 59
16 62
24 64
85 65
33 67
26 70
77 72
89 73
42 74
35 76
82 76
3 77
45 80
51 81
86 82
6 85
27 88
50 88
91 90
64 91
44 94
25 96
35 96
68 96
