118
76 58
97 71
65 2
47 8
71 8
66 22
40 25
8 32
54 42
45 46
71 68
7 69
46 70
30 76
55 85
20 86
53 94
10 97
13 3
28 4
30 13
94 13
84 14
54 16
31 19
26 24
53 25
44 32
34 33
44 37
31 41
68 41
94 44
23 45
77 45
18 48
63 48
3 49
54 51
66 54
13 56
23 57
63 59
38 60
83 60
40 63
34 67
1 68
53 73
42 76
9 80
62 80
87 81
4 82
74 84
97 84
63 86
80 86
34 87
90 87
41 89
71 97
33 0
92 0
75 2
57 3
81 3
1 5
9 5
36 5
14 10
21 10
70 12
7 14
40 14
59 16
80 16
34 19
96 19
89 21
7 25
0 29
27 30
54 30
95 31
7 33
64 33
73 34
1 35
79 35
47 37
97 38
82 40
97 44
88 48
40 49
81 50
46 52
51 56
88 56
88 62
25 63
79 63
65 65
13 66
1 72
33 75
68 77
46 78
38 79
12 80
94 91
32 94
38 94
62 94
0 97
46 97
97 97
