105
72 14
7 8
46 16
7 27
35 0
1 1
88 12
79 13
53 16
34 17
63 17
19 25
85 28
39 42
3 46
71 55
77 59
75 79
64 87
16 90
67 91
56 97
15 1
23 1
93 2
61 5
43 7
25 8
16 9
11 13
97 14
17 17
26 17
73 18
24 26
12 27
40 27
46 30
38 35
22 37
32 41
44 44
87 44
61 47
92 51
30 54
57 55
21 56
76 61
40 63
94 65
29 67
81 67
88 72
68 74
53 77
95 77
84 81
10 83
51 85
78 88
49 96
62 96
80 1
86 1
48 4
9 5
92 5
29 8
48 13
89 13
4 16
55 16
90 19
54 22
27 27
55 29
62 31
0 33
80 35
50 36
5 37
60 37
91 37
27 46
69 46
10 47
32 54
47 54
81 54
87 57
35 65
64 65
41 66
97 66
14 71
23 72
59 73
37 77
25 83
18 84
7 91
33 94
24 97
46 97
