112
81 32
35 37
81 65
67 88
83 96
73 9
33 10
48 17
20 18
43 25
93 26
4 31
88 37
10 38
48 52
3 53
94 59
32 66
13 67
87 69
58 70
52 73
72 74
10 75
86 75
22 90
77 91
23 0
70 0
53 6
40 10
87 10
92 16
12 20
38 27
77 28
51 33
62 34
44 36
52 39
80 44
42 45
92 46
27 47
68 48
30 52
21 58
40 58
66 63
46 67
27 72
12 77
19 77
55 82
69 83
80 87
87 89
52 90
20 92
5 96
52 97
36 0
42 0
86 0
15 3
68 3
96 5
21 7
44 11
76 11
68 15
1 16
52 16
90 17
53 23
64 23
96 24
25 28
10 29
96 30
70 32
22 33
0 36
81 36
13 37
55 40
11 44
54 46
35 47
85 52
63 53
91 53
14 54
46 54
72 54
86 62
21 63
39 65
5 68
65 68
39 71
80 71
90 75
85 79
0 80
20 81
27 85
10 87
92 87
0 89
69 92
29 95
