118
66 12
95 57
13 91
14 11
42 12
74 13
31 20
40 26
61 30
46 35
55 37
4 40
39 46
50 58
78 61
96 72
43 74
74 84
50 88
77 94
93 1
36 3
81 4
44 6
50 7
1 11
20 11
8 13
85 14
89 20
1 21
19 21
71 22
14 24
49 27
93 28
79 35
88 40
94 44
47 48
25 49
13 50
52 50
88 50
32 59
55 67
12 68
98 83
35 87
91 88
16 91
62 92
31 95
84 95
23 0
45 0
59 0
72 0
52 2
10 3
56 7
27 8
92 8
23 13
0 14
54 14
79 15
97 17
40 18
26 22
80 22
71 27
11 28
54 28
82 28
27 29
2 30
89 31
0 36
61 36
67 37
36 38
43 38
55 41
0 43
39 47
4 48
76 49
94 49
82 51
27 52
10 54
38 57
62 58
0 63
19 63
32 64
41 65
74 66
61 68
80 69
48 70
16 74
30 76
90 76
9 77
67 77
40 78
49 80
24 81
4 82
76 87
40 90
33 91
70 91
20 94
45 95
55 96
