205
0 0
16 0
23 0
40 0
47 0
64 0
71 0
88 0
95 0
4 2
11 2
28 2
35 2
52 2
59 2
76 2
83 2
0 6
16 6
23 6
40 6
47 6
64 6
71 6
88 6
95 6
4 10
11 10
28 10
35 10
52 10
59 10
76 10
83 10
0 14
16 14
23 14
40 14
47 14
64 14
71 14
88 14
95 14
4 18
11 18
28 18
35 18
52 18
59 18
76 18
83 18
0 22
16 22
23 22
40 22
47 22
64 22
71 22
88 22
95 22
4 26
11 26
28 26
35 26
52 26
59 26
76 26
83 26
0 30
16 30
23 30
40 30
47 30
64 30
71 30
88 30
95 30
4 34
11 34
28 34
35 34
52 34
59 34
76 34
83 34
0 38
16 38
23 38
40 38
47 38
64 38
71 38
88 38
4 42
11 42
28 42
35 42
52 42
59 42
76 42
83 42
0 46
16 46
23 46
40 46
47 46
64 46
71 46
88 46
4 50
11 50
28 50
35 50
52 50
59 50
76 50
83 50
0 54
16 54
23 54
40 54
47 54
64 54
71 54
88 54
4 58
11 58
28 58
35 58
52 58
59 58
76 58
83 58
0 62
16 62
23 62
40 62
47 62
64 62
71 62
88 62
4 66
11 66
28 66
35 66
52 66
59 66
76 66
83 66
0 70
16 70
23 70
40 70
47 70
64 70
71 70
88 70
4 74
11 74
28 74
35 74
52 74
59 74
76 74
83 74
0 78
16 78
23 78
40 78
47 78
64 78
71 78
88 78
4 82
11 82
28 82
35 82
52 82
59 82
76 82
83 82
0 86
16 86
23 86
40 86
47 86
64 86
71 86
88 86
4 90
11 90
28 90
35 90
52 90
59 90
76 90
83 90
0 94
16 94
23 94
40 94
47 94
64 94
71 94
88 94
