107
86 8
71 9
78 39
96 39
32 50
12 52
8 64
39 68
29 4
9 6
25 10
49 25
44 27
26 29
86 34
88 52
20 67
95 83
43 87
47 90
44 0
14 4
40 4
57 5
91 10
82 14
21 16
33 16
96 19
10 20
37 20
69 26
55 29
97 32
70 33
62 34
57 36
40 39
13 42
50 45
22 48
78 48
94 51
39 52
30 54
92 59
84 60
45 61
34 67
70 70
49 71
62 73
20 74
54 75
35 76
79 77
50 81
26 85
17 86
85 88
78 90
65 92
72 96
48 0
74 0
87 0
0 2
21 4
96 4
62 6
41 10
68 11
50 15
72 19
1 20
80 23
16 24
88 25
23 30
88 31
7 33
16 33
48 37
63 39
71 39
81 39
20 40
1 41
58 42
8 43
66 45
55 52
12 58
55 62
93 62
73 65
3 69
10 69
29 78
9 79
58 83
37 89
11 94
43 94
83 94
30 95
61 95
