115
69 5
34 9
4 68
43 90
3 5
58 11
17 13
6 20
82 26
7 27
18 42
2 46
32 46
23 49
9 55
64 60
48 64
97 66
77 67
19 69
53 74
43 75
28 89
41 1
30 3
6 11
11 14
91 14
97 16
57 20
11 21
90 22
23 23
71 26
32 28
13 30
28 31
62 31
44 38
49 39
83 40
55 44
0 50
30 55
94 57
37 65
64 68
74 75
93 78
16 79
84 81
39 83
10 84
53 84
34 89
83 89
61 91
4 94
58 0
75 0
45 6
37 11
22 14
38 17
65 17
0 22
91 22
37 28
91 29
13 33
19 33
66 34
59 35
33 37
96 37
90 39
62 42
80 42
41 47
48 47
68 47
92 47
14 49
82 50
31 51
58 52
44 53
74 53
52 54
6 58
16 59
83 59
30 61
72 61
0 62
53 62
22 63
86 66
67 70
9 72
55 75
69 76
64 79
96 80
22 83
45 84
1 86
15 88
41 91
75 91
90 91
18 93
52 93
60 96
76 97
