111
49 12
17 3
75 8
2 54
71 94
60 15
3 18
91 28
37 29
55 36
23 38
90 38
31 39
57 46
14 54
36 57
33 63
81 66
9 67
65 70
65 79
24 89
41 91
83 91
16 95
50 0
80 0
97 2
18 6
7 12
71 13
75 21
81 22
74 30
91 32
44 34
62 41
1 42
72 46
84 46
8 51
94 51
85 57
42 61
96 63
56 65
28 67
14 73
96 73
26 78
23 81
77 82
7 84
31 85
63 86
22 97
23 0
67 1
32 4
44 4
57 5
38 6
82 7
26 10
76 12
47 15
33 17
26 18
5 20
39 22
11 23
0 25
48 25
25 27
13 30
64 30
73 33
40 35
48 37
19 40
44 43
13 45
24 47
97 49
70 50
48 51
21 52
42 53
66 55
20 58
61 58
49 59
20 67
84 68
76 69
56 72
43 75
86 76
68 78
82 81
40 83
56 85
89 85
0 86
8 87
16 87
27 92
59 94
9 95
93 96
50 97
