114
5 43
62 7
15 17
28 25
44 80
22 0
17 8
52 10
58 14
81 14
9 20
49 23
64 26
72 30
28 49
5 74
29 80
59 83
8 86
53 88
74 97
37 2
79 2
2 4
98 5
40 11
30 12
60 18
54 21
85 23
93 23
2 31
38 32
78 35
92 38
56 44
95 44
86 47
42 48
49 48
5 51
66 53
12 55
94 57
81 60
29 61
61 68
26 69
84 70
97 70
47 82
24 85
40 85
31 86
2 89
15 92
80 92
4 95
65 95
69 0
83 0
10 3
22 4
83 4
5 6
44 7
75 7
11 9
5 12
32 12
27 15
78 18
40 20
7 21
56 22
87 27
44 29
22 33
67 36
48 38
0 40
29 41
17 45
80 48
45 49
31 52
2 53
73 54
85 54
40 55
61 55
0 59
52 59
8 60
66 60
50 65
15 68
25 70
52 71
32 73
43 73
72 73
16 75
60 75
8 78
52 78
91 79
72 80
79 81
87 86
29 95
81 96
61 97
96 97
