109
54 71
80 20
16 23
91 33
6 75
35 79
62 91
56 1
68 5
34 12
71 25
8 40
17 40
26 57
95 57
53 66
35 67
52 80
71 81
33 97
87 0
11 1
0 3
46 6
54 9
70 9
49 14
53 19
98 20
28 24
39 27
48 28
81 28
2 29
40 32
73 39
80 39
35 41
82 47
54 50
17 54
62 54
36 55
7 56
67 59
79 62
20 63
3 66
80 66
41 70
82 75
10 77
15 81
41 82
75 85
0 86
52 86
13 93
40 93
3 94
57 95
66 97
28 0
41 0
66 0
16 1
50 1
88 2
93 8
63 10
55 12
40 13
3 14
18 15
84 16
9 24
15 24
54 24
69 26
10 30
85 32
37 33
65 35
1 36
6 42
44 42
19 44
66 45
24 47
73 47
45 48
93 48
32 57
38 59
14 65
55 66
89 67
33 68
27 70
66 70
48 72
22 78
89 78
56 82
88 85
6 91
97 93
72 97
83 97
