115
32 55
42 5
28 60
36 71
64 2
37 11
39 22
8 23
68 23
84 30
73 47
92 47
34 51
79 56
14 59
46 69
53 77
74 86
22 91
6 1
44 1
80 2
51 3
27 4
71 7
15 9
67 9
86 11
54 13
18 14
36 14
96 14
9 15
32 18
1 19
72 23
57 26
78 30
36 36
63 39
40 45
13 46
85 47
26 49
43 53
96 53
88 55
89 61
97 65
65 67
84 71
27 73
3 76
62 81
95 81
88 82
17 83
31 87
95 91
62 92
44 93
64 97
54 0
89 2
0 6
76 11
40 14
47 16
57 16
75 17
12 19
88 21
17 22
5 24
94 25
61 26
87 27
22 29
74 31
93 33
41 34
72 37
81 37
6 38
31 39
48 41
0 42
78 46
18 48
48 48
0 49
8 49
60 50
19 57
70 58
57 62
77 63
17 64
52 65
90 67
77 73
71 74
92 74
30 76
0 83
42 84
87 85
66 88
75 89
82 90
38 95
4 96
52 96
67 97
90 97
