116
11 38
1 51
87 70
85 86
53 3
13 6
6 8
39 9
35 27
3 30
27 33
77 34
34 42
54 42
15 46
37 46
50 47
85 49
43 70
72 72
79 79
10 81
49 86
39 94
62 2
75 2
44 10
86 11
71 12
47 15
77 15
87 18
34 20
47 27
57 27
60 37
3 38
90 40
74 41
95 48
38 50
59 50
78 52
41 55
4 57
24 62
40 63
71 63
7 66
49 68
5 73
58 73
31 83
42 88
96 89
69 90
48 93
68 95
90 96
56 97
14 0
24 0
32 0
83 0
2 2
61 4
15 7
25 7
78 8
52 11
22 12
32 12
38 15
95 21
15 23
22 25
72 28
41 35
48 35
18 38
81 38
3 42
69 44
18 47
5 50
52 50
66 50
90 53
46 54
84 57
34 58
56 59
76 62
94 66
14 73
21 75
94 75
34 76
84 76
2 78
45 79
25 80
17 81
87 82
52 83
0 86
62 87
79 87
29 88
7 91
18 91
0 93
95 94
23 95
71 95
79 97
