113
88 3
26 5
76 34
86 36
37 52
63 56
50 64
91 77
25 87
10 1
44 14
50 15
74 28
19 30
25 37
91 40
70 81
37 82
92 87
90 96
23 1
95 1
49 7
66 7
97 8
2 10
32 11
77 18
35 21
89 21
54 22
3 23
94 24
49 28
97 29
31 31
2 36
34 37
47 51
6 52
94 52
28 57
81 60
13 62
40 62
22 66
87 68
14 71
45 71
74 74
3 77
61 81
18 85
26 90
62 90
35 93
57 96
95 96
0 0
75 0
57 1
41 6
71 7
55 13
71 14
27 15
95 16
61 21
16 22
38 24
66 25
55 26
81 28
10 29
95 31
7 34
40 35
57 37
78 37
67 39
22 41
13 42
55 43
81 44
55 50
48 53
15 54
86 55
43 57
6 59
20 59
52 59
30 60
36 66
2 68
30 68
67 69
20 72
93 72
64 75
34 76
11 78
42 78
36 83
48 83
85 86
14 89
67 90
96 91
1 92
44 92
77 93
15 95
