109
21 49
39 51
26 4
1 31
53 32
88 42
38 84
24 93
84 93
33 8
81 10
10 13
78 15
19 23
19 31
80 51
31 58
64 61
44 66
49 71
3 74
11 78
47 79
4 3
58 6
64 8
95 8
88 9
62 17
84 20
44 24
11 27
83 31
70 34
7 39
20 40
78 44
54 45
64 46
26 47
95 51
65 52
2 54
14 55
44 58
17 63
95 64
73 65
31 69
91 70
31 75
82 83
92 88
47 91
94 93
69 95
33 97
38 0
46 0
72 0
78 3
1 6
16 7
33 10
0 12
68 12
90 14
37 19
10 20
81 22
95 23
33 25
72 25
22 27
95 30
50 34
72 37
29 40
14 43
97 44
42 48
54 48
70 56
23 57
4 59
44 60
79 63
18 64
53 65
94 66
39 70
66 74
34 75
0 76
58 79
72 81
4 82
46 83
77 84
96 85
26 86
61 87
16 90
74 90
39 91
10 94
62 96
17 97
81 97
