103
2 1
10 1
18 1
26 1
34 1
42 1
2 7
10 7
18 7
26 7
34 7
42 7
2 13
10 13
18 13
26 13
34 13
42 13
2 19
10 19
18 19
26 19
34 19
42 19
2 25
10 25
18 25
26 25
34 25
42 25
2 31
10 31
18 31
26 31
34 31
42 31
2 37
10 37
18 37
26 37
34 37
42 37
2 43
10 43
18 43
26 43
34 43
42 43
2 49
10 49
18 49
26 49
34 49
42 49
2 55
10 55
18 55
26 55
34 55
42 55
2 61
10 61
18 61
26 61
34 61
42 61
2 67
10 67
18 67
26 67
34 67
42 67
2 73
10 73
18 73
26 73
34 73
42 73
2 79
10 79
18 79
26 79
34 79
42 79
2 85
10 85
18 85
26 85
34 85
42 85
2 91
10 91
18 91
26 91
34 91
42 91
2 97
10 97
18 97
26 97
34 97
42 97
46 0
