112
72 12
49 49
6 56
75 27
58 75
12 3
78 10
48 14
84 14
34 48
25 56
2 59
75 59
16 61
23 73
11 87
53 97
28 2
70 2
59 3
4 9
92 9
33 14
39 14
83 22
32 23
13 25
78 28
68 29
61 31
0 32
34 32
89 32
18 34
5 39
4 43
52 43
60 43
91 49
1 50
73 50
17 51
46 51
51 54
58 56
66 60
82 61
14 66
42 66
59 66
83 71
51 72
87 74
24 84
77 84
95 85
72 86
51 88
79 90
60 91
14 96
32 97
70 97
2 0
85 0
32 4
72 4
58 5
16 6
94 7
61 10
49 13
21 15
5 16
13 18
89 18
97 20
42 23
6 26
16 26
53 26
76 29
34 35
43 35
68 39
86 40
75 41
81 44
21 48
33 52
84 53
12 56
28 59
46 59
22 60
91 60
97 64
91 70
41 71
72 72
3 79
29 80
61 82
82 82
0 85
16 85
22 85
85 87
93 89
55 94
17 96
6 97
