109
90 31
48 60
20 74
54 86
45 4
3 10
28 22
44 28
81 35
37 40
94 40
42 45
85 49
65 50
11 55
93 56
39 68
99 74
61 77
77 78
60 87
2 0
78 0
59 1
24 4
62 10
8 14
55 16
23 18
41 19
70 20
62 21
29 23
97 26
34 28
19 29
6 30
47 32
59 33
3 36
31 37
67 40
77 40
22 42
18 45
7 46
10 49
39 51
77 51
34 54
27 57
96 65
25 68
85 72
0 74
41 74
86 76
36 78
9 81
22 85
73 85
12 87
26 91
72 91
60 92
0 96
47 3
66 4
22 8
43 10
68 10
83 12
73 16
0 18
17 19
36 21
76 26
14 31
23 32
69 33
62 34
40 39
58 41
92 43
15 47
0 50
97 51
59 55
86 56
4 58
70 58
15 59
30 60
61 61
4 66
58 67
90 67
23 70
24 77
48 78
0 79
41 81
82 81
36 87
82 87
48 88
33 92
41 92
77 93
