114
40 20
3 86
42 86
8 97
63 4
70 15
88 16
8 17
78 26
14 30
8 40
3 47
51 49
93 58
44 72
19 76
20 3
88 3
94 3
26 4
80 6
15 11
42 15
81 15
62 20
71 20
1 21
33 22
65 26
51 27
82 29
33 33
52 33
90 33
24 35
66 37
38 41
60 42
22 46
8 47
26 47
39 48
97 48
15 50
29 54
85 54
40 57
14 60
84 63
40 66
93 67
62 68
52 70
62 74
56 75
86 76
91 82
68 83
86 85
26 87
55 87
59 90
2 92
23 92
78 94
96 97
30 0
47 0
65 0
0 3
9 3
51 3
3 6
59 8
24 15
54 18
10 23
27 24
38 27
95 27
27 30
74 31
55 34
0 36
82 39
88 39
78 44
63 45
69 48
56 52
79 54
23 59
0 61
54 61
12 64
72 64
77 67
36 68
75 73
22 74
29 75
95 76
11 77
79 79
74 85
8 86
43 86
87 87
27 89
53 95
0 96
71 96
33 97
47 97
