114
54 12
25 18
3 22
28 5
77 6
42 13
7 14
9 20
35 29
36 35
47 37
25 44
93 44
36 59
76 60
86 63
37 65
84 76
13 79
77 82
29 86
73 88
19 4
58 4
82 4
22 9
64 11
96 15
29 19
50 21
54 22
69 25
20 27
54 28
87 28
3 29
70 33
78 34
18 37
37 37
83 42
6 43
11 49
8 55
44 59
71 61
58 64
65 65
6 71
34 71
47 72
26 76
48 82
34 83
59 85
84 87
7 88
7 93
90 96
0 0
5 0
38 0
71 0
95 0
44 2
11 3
69 6
31 8
89 8
0 9
75 9
12 10
46 10
20 13
83 17
34 22
77 25
5 27
83 30
41 31
59 36
22 37
45 40
87 41
31 44
51 45
45 48
81 49
62 50
18 56
81 57
0 58
95 58
1 65
25 65
93 65
9 69
68 69
56 71
40 72
76 72
16 75
94 78
21 80
14 81
86 81
63 84
43 89
29 91
68 92
19 94
80 94
14 97
50 97
