109
79 91
22 16
61 38
25 50
82 64
41 72
36 77
30 18
89 21
85 29
37 34
1 38
32 39
70 54
3 64
15 72
76 73
1 74
39 81
10 85
42 85
84 2
68 8
10 9
62 10
86 11
4 12
15 13
33 13
42 15
1 18
48 20
16 24
93 24
1 25
74 26
40 29
58 30
29 32
20 34
57 44
84 45
95 46
46 48
9 50
55 53
87 53
74 57
31 59
22 60
59 61
63 65
32 68
89 69
89 77
46 78
59 82
33 90
66 93
51 94
80 95
71 96
13 0
35 0
43 0
64 1
76 2
25 3
89 3
96 3
54 6
23 19
54 19
41 21
65 25
76 30
48 34
63 35
42 39
48 41
21 42
13 44
35 45
10 56
85 56
41 59
92 60
70 62
97 65
19 66
40 66
5 67
27 67
77 67
84 70
20 74
94 81
0 82
86 82
23 84
72 84
15 85
89 87
58 88
38 89
81 90
28 92
18 93
94 97
