138
51 19
30 0
0 1
68 1
97 1
78 2
18 7
28 7
39 7
58 7
82 7
8 17
18 17
30 17
81 17
91 20
1 27
21 27
38 27
58 27
68 27
78 27
97 31
8 37
28 37
38 37
51 37
88 37
68 41
11 47
20 47
42 47
58 47
72 47
81 47
28 50
68 57
88 57
97 57
18 60
38 61
48 61
8 67
58 67
71 67
80 67
28 71
2 77
12 77
38 77
51 77
78 77
90 77
70 82
76 85
28 87
48 89
97 90
8 91
28 97
62 97
81 97
8 0
18 0
38 0
48 0
58 0
88 0
0 7
8 7
48 7
68 7
88 7
97 7
62 10
71 12
94 12
0 17
38 17
58 17
68 17
97 17
8 27
28 27
48 27
88 27
17 29
43 34
0 37
18 37
58 37
78 37
97 37
32 42
91 42
0 47
48 47
88 47
97 47
76 51
1 52
0 57
8 57
28 57
58 57
78 57
96 60
0 67
18 67
38 67
48 67
88 67
97 67
61 72
43 73
18 77
28 77
58 77
97 77
15 82
55 82
83 83
0 87
18 87
38 87
58 87
68 87
78 87
88 87
33 91
0 97
8 97
18 97
38 97
48 97
68 97
87 97
97 97
