103
0 31
3 0
13 0
23 0
73 0
3 3
30 3
49 3
13 5
23 5
0 7
70 8
8 10
18 10
28 10
0 13
49 13
8 15
18 15
28 15
3 18
70 18
78 18
13 20
23 20
0 22
30 23
49 23
8 25
18 25
25 28
70 28
8 30
18 30
78 32
30 33
49 33
8 35
18 35
0 37
25 38
70 38
8 40
18 40
0 43
30 43
49 43
80 43
95 43
8 45
18 45
3 48
25 48
70 48
13 50
20 53
30 53
3 55
13 55
25 58
70 58
3 60
13 60
20 63
30 63
3 65
13 65
25 68
70 68
3 70
13 70
20 73
30 73
3 75
13 75
25 78
70 78
3 80
13 80
20 83
30 83
3 85
13 85
25 88
70 88
3 90
13 90
20 93
30 93
3 95
13 95
78 0
88 2
78 5
93 7
93 15
88 18
93 31
88 43
73 48
73 70
23 93
68 93
