109
59 96
22 35
57 40
82 42
23 50
1 80
66 90
30 7
24 20
44 20
81 22
32 39
63 39
46 55
21 56
28 59
4 61
81 61
91 80
33 85
82 91
67 0
74 1
37 4
18 8
28 9
56 9
75 9
92 11
0 16
35 17
16 21
29 25
95 26
51 32
61 32
37 40
0 41
21 41
48 42
96 42
8 46
42 46
93 48
14 51
68 51
81 53
96 58
62 61
19 63
54 65
63 69
50 70
94 70
16 75
60 77
65 78
45 80
61 83
27 84
17 90
95 93
91 94
37 95
24 0
5 2
84 2
97 4
70 10
43 12
55 12
5 17
74 17
64 19
39 25
2 27
78 28
84 28
27 30
15 32
41 32
0 34
84 34
71 38
62 41
52 42
14 43
1 52
86 52
7 53
49 53
58 55
33 56
40 61
93 62
34 63
7 68
32 70
91 74
81 75
97 79
14 80
57 84
70 86
27 88
80 94
41 95
72 95
91 96
