88
19 20
28 44
4 6
44 6
91 8
9 10
14 15
22 26
36 12
31 24
74 26
10 29
34 42
65 43
58 44
40 78
20 4
6 17
12 22
40 26
32 28
97 28
16 31
43 36
19 37
2 39
12 44
88 70
79 80
34 96
97 97
91 2
47 11
40 13
86 14
85 26
4 28
88 41
19 44
44 48
16 50
69 50
82 53
31 54
61 54
0 58
34 58
49 58
30 73
18 74
57 74
67 76
53 84
21 86
8 0
37 0
44 0
97 1
65 3
84 6
1 7
59 10
27 12
49 16
70 16
96 17
0 18
47 24
23 28
34 28
40 28
27 36
47 36
37 38
0 43
26 46
51 48
40 52
70 58
87 58
34 64
89 64
70 67
43 70
94 70
84 79
15 90
34 90
