107
77 8
96 27
42 51
33 55
59 57
70 70
31 5
41 6
9 15
72 17
19 24
54 34
79 46
50 53
79 54
27 65
82 68
29 70
66 75
23 86
53 88
96 89
6 96
24 3
57 5
89 15
32 21
87 23
53 26
97 34
70 36
53 40
24 42
60 43
47 46
25 49
32 49
91 49
6 51
70 51
0 52
63 53
18 56
85 56
91 59
3 61
64 61
34 65
47 65
65 67
52 68
59 69
87 71
71 78
79 78
8 81
74 86
82 86
56 88
46 91
83 91
31 95
97 95
44 97
7 0
85 3
96 4
48 5
5 7
63 8
23 9
33 9
17 13
55 13
82 13
63 14
59 19
41 20
71 20
37 25
67 25
74 28
93 28
27 29
60 34
83 36
89 36
7 37
77 39
15 40
42 53
69 53
36 54
9 56
52 56
38 60
97 69
37 70
11 74
92 77
54 78
42 79
28 81
21 91
56 96
64 96
90 96
