107
36 14
66 26
1 31
15 34
81 39
97 70
17 3
32 6
70 8
48 10
86 18
74 23
30 33
90 33
64 41
91 41
9 46
23 55
13 66
0 75
7 79
93 81
41 84
91 94
33 96
67 97
47 0
80 0
25 7
83 13
36 19
13 20
44 20
54 25
91 26
53 33
26 40
47 43
74 46
82 46
55 49
1 57
69 57
83 58
96 58
51 62
72 65
81 66
55 67
44 71
88 72
35 77
55 79
69 83
28 84
13 85
21 89
65 92
81 92
97 94
23 97
56 0
39 1
96 1
90 2
84 4
60 6
53 7
76 7
17 9
2 11
24 14
66 15
17 19
22 25
15 28
94 28
64 31
1 33
57 33
33 41
61 44
1 45
23 46
13 47
96 47
87 48
26 53
56 54
76 55
33 56
36 62
92 63
47 72
93 73
73 75
96 80
20 81
0 82
61 82
75 82
36 87
43 87
39 92
0 93
84 95
58 96
