112
36 22
78 32
75 56
95 76
35 96
48 2
64 5
18 10
88 11
43 12
64 14
24 21
11 24
97 26
18 39
85 39
15 68
99 77
59 83
95 95
32 3
80 4
6 5
48 5
25 6
73 6
11 14
3 16
83 22
55 23
64 28
50 29
71 29
41 30
29 34
62 37
36 38
62 45
55 49
80 49
21 50
68 50
26 52
48 53
10 54
57 57
82 58
5 61
87 63
97 65
64 77
5 78
17 83
95 84
19 92
38 94
45 95
29 97
0 0
19 0
37 0
64 0
97 0
54 1
94 3
34 4
69 8
94 12
68 14
17 17
0 21
5 21
85 21
91 21
17 24
54 26
7 30
51 34
76 34
93 34
42 36
13 40
4 41
87 45
37 46
58 49
33 52
49 53
97 55
41 56
68 59
62 61
8 62
33 65
42 65
69 66
75 70
30 71
14 72
43 73
38 77
43 80
96 80
52 81
96 86
55 88
61 88
43 89
79 93
89 95
0 97
97 97
