106
81 5
91 5
5 17
46 37
53 49
77 57
42 64
96 82
70 9
79 11
48 13
55 15
83 21
35 34
64 46
24 52
87 54
18 60
85 61
77 64
18 73
90 78
45 81
89 84
9 88
49 3
10 5
63 5
35 6
36 12
63 12
28 17
90 18
33 21
76 21
11 22
30 23
26 27
47 27
73 29
5 30
57 34
28 36
76 36
13 41
79 43
2 50
63 55
55 59
62 60
86 64
74 70
34 71
45 73
9 75
52 81
30 82
71 86
86 89
2 92
94 92
76 0
85 0
0 6
43 6
16 7
13 13
62 19
49 22
36 24
92 24
64 26
15 32
30 42
47 42
72 46
96 48
10 49
66 49
44 52
96 55
29 56
68 58
89 61
25 63
49 64
5 65
11 65
0 68
92 70
75 76
5 79
36 82
45 83
0 85
60 85
12 86
43 89
36 90
49 90
60 94
6 95
40 95
54 95
92 95
24 96
