110
7 51
17 81
63 34
77 35
29 81
73 2
9 19
27 21
83 23
17 34
34 35
84 36
38 48
66 49
55 54
16 64
89 71
50 72
67 76
6 77
83 83
25 89
3 97
2 4
45 5
18 7
32 7
5 9
73 13
41 16
50 19
84 19
68 22
95 23
48 30
0 33
59 33
82 45
26 50
77 51
17 54
35 54
32 59
84 59
66 64
1 67
97 67
90 77
70 78
97 80
10 82
57 83
88 85
60 96
93 97
78 0
9 1
63 1
71 4
96 6
37 7
0 10
9 12
24 14
32 20
20 21
58 22
74 22
97 23
39 26
65 27
10 28
81 28
65 34
88 34
36 35
23 37
50 38
28 40
96 40
2 42
45 42
54 43
90 43
30 46
41 47
65 52
3 53
43 53
54 57
6 58
22 61
70 61
71 67
53 68
31 71
38 72
58 73
83 74
24 75
44 75
12 84
68 88
77 88
97 88
30 89
62 89
35 92
21 96
46 96
