109
10 51
12 74
75 83
90 90
13 6
25 7
77 9
80 32
9 33
65 33
18 38
88 38
6 43
11 56
58 65
92 70
43 88
3 94
39 95
19 98
0 0
39 3
49 4
92 5
0 9
87 9
47 10
77 14
93 14
51 15
41 16
65 20
7 21
55 21
40 23
96 23
46 26
60 26
16 27
69 29
29 31
1 34
75 39
26 41
38 45
75 49
50 50
63 52
80 55
61 56
3 63
12 64
53 69
63 74
51 77
25 78
4 82
36 82
81 84
48 85
20 89
64 94
76 94
25 95
53 95
33 97
69 97
5 0
79 0
68 1
85 1
28 4
5 7
95 9
15 12
9 16
84 19
24 20
31 20
76 21
82 26
90 26
21 31
89 32
43 33
24 42
96 44
83 45
54 50
83 51
26 53
43 56
97 59
88 61
38 62
81 62
18 64
94 65
81 69
71 72
17 76
11 80
94 85
30 86
73 88
12 90
41 90
88 93
55 97
