113
87 2
51 30
57 12
79 19
24 6
40 25
18 30
43 33
80 36
25 39
15 54
44 57
42 65
67 65
57 70
89 74
3 79
57 83
61 86
25 90
72 92
18 98
33 4
57 5
85 9
15 10
39 11
55 14
44 17
16 18
52 22
75 23
60 28
47 35
90 41
1 42
69 42
55 44
18 48
63 49
36 50
88 50
49 57
7 60
33 61
57 61
26 68
74 68
17 72
75 73
66 78
31 81
83 83
8 85
49 89
93 93
61 97
73 97
27 0
67 0
95 0
62 6
75 8
66 11
93 12
71 15
29 16
23 17
16 19
86 20
4 23
30 24
49 24
88 26
28 33
58 33
12 34
8 39
15 40
76 40
0 43
20 43
82 44
97 45
10 47
50 48
73 49
28 51
68 52
84 52
18 55
97 56
85 59
79 60
36 62
13 64
92 66
0 67
44 71
52 72
95 74
73 75
40 76
17 80
67 81
27 84
41 85
96 86
3 87
81 91
37 92
0 94
76 95
