119
35 7
6 33
77 48
3 69
72 10
39 30
51 32
68 38
50 41
84 44
54 50
86 50
67 51
47 54
10 65
49 68
61 79
80 80
17 91
6 0
59 0
46 1
94 1
57 5
50 7
90 9
0 10
7 12
42 13
34 17
28 20
40 20
69 28
63 29
15 32
41 39
9 42
66 43
94 43
46 45
16 50
37 52
92 54
56 61
32 66
71 67
87 68
62 70
92 72
82 73
21 74
0 78
64 84
87 84
80 88
7 89
57 92
27 95
24 0
75 0
88 0
84 4
28 5
60 7
36 8
93 8
66 10
54 11
1 14
19 15
55 18
0 19
43 19
25 22
50 22
79 24
2 25
73 28
82 30
22 31
38 31
90 31
96 32
1 34
59 35
16 38
2 40
35 43
7 44
0 45
28 46
47 48
0 52
9 52
37 55
97 55
76 56
31 57
1 58
42 58
49 58
66 59
37 62
1 70
48 72
67 72
24 74
75 74
92 77
37 80
72 80
54 82
12 85
24 86
36 86
61 92
90 92
48 97
86 97
