114
14 5
32 15
74 23
84 2
26 7
95 22
19 24
72 30
58 31
27 37
12 40
67 40
74 44
39 53
13 55
30 67
37 69
92 71
72 90
39 91
26 93
32 97
47 0
72 2
35 8
71 8
11 9
21 11
54 13
57 18
45 20
89 24
51 25
38 32
47 32
18 34
90 35
78 41
99 42
66 44
3 45
65 48
81 48
71 53
63 54
85 58
40 60
0 61
43 68
16 69
58 69
75 69
64 70
16 74
50 74
81 79
57 81
18 82
49 82
66 83
13 96
7 0
63 0
92 0
42 1
44 8
87 9
2 10
77 10
92 12
18 13
89 18
66 21
25 22
39 23
95 24
21 34
49 36
70 36
0 37
55 37
50 43
20 46
28 46
96 47
57 48
87 49
1 50
24 51
94 55
75 58
67 59
58 60
38 61
89 61
51 62
0 63
6 66
30 72
24 73
97 74
4 80
32 82
40 84
12 85
57 87
29 89
47 91
84 91
97 92
61 94
71 95
23 97
41 97
