115
96 30
60 47
71 54
63 2
73 5
48 15
55 28
49 30
76 35
55 37
59 54
89 56
20 58
83 59
44 62
17 63
49 69
75 70
28 88
96 95
18 1
31 5
90 8
68 9
21 11
36 15
5 17
97 17
45 20
88 22
66 26
8 27
33 27
84 28
33 35
95 35
15 39
41 39
6 45
46 45
22 47
46 50
30 51
57 57
65 62
76 63
7 64
7 68
33 68
60 69
41 74
58 75
95 75
76 78
5 79
52 80
69 83
15 84
45 87
56 90
78 90
68 91
0 93
36 94
53 96
45 0
79 1
53 2
5 4
96 6
10 8
71 11
13 13
81 13
56 14
21 16
75 17
28 18
66 18
0 20
19 25
25 26
1 29
11 30
61 34
78 37
68 40
88 40
57 41
63 45
73 48
79 49
43 52
4 55
92 55
29 56
53 59
96 60
23 61
42 64
87 66
14 70
22 70
78 71
19 75
80 79
56 81
38 84
4 85
91 85
19 92
12 95
80 95
26 96
46 96
