113
10 52
3 51
76 82
30 85
70 2
36 3
34 6
85 19
72 27
83 27
36 31
10 32
70 41
94 53
61 55
77 61
84 65
67 75
90 77
92 93
73 95
0 0
20 4
57 6
86 7
11 9
2 12
68 12
76 16
2 19
51 19
23 20
66 26
31 28
85 30
0 33
43 34
20 40
89 42
75 48
90 54
8 61
30 62
59 65
11 66
20 67
40 67
5 71
56 71
70 74
12 76
59 79
43 80
18 85
47 88
79 88
91 88
24 89
36 91
13 92
29 96
61 0
76 0
48 3
70 3
24 4
39 4
0 5
96 6
52 8
41 10
18 13
8 14
94 18
62 20
13 21
38 21
90 23
0 24
23 24
14 28
94 30
48 32
79 32
10 35
59 37
49 38
9 42
56 43
97 43
41 49
16 50
81 56
65 61
72 63
34 64
27 65
81 67
96 68
18 72
77 74
68 79
34 82
72 87
1 88
49 88
64 90
77 91
97 93
34 94
47 94
81 96
75 97
