103
4 4
19 4
34 4
49 4
64 4
79 4
6 21
21 21
36 21
51 21
66 21
81 21
4 39
19 39
34 39
49 39
64 39
79 39
6 56
21 56
36 56
51 56
66 56
81 56
32 77
47 77
62 77
77 77
92 77
31 94
46 94
61 94
76 94
91 94
0 0
15 0
30 0
45 0
60 0
75 0
0 7
15 7
30 7
45 7
60 7
75 7
0 19
13 19
28 19
43 19
58 19
73 19
7 25
22 25
37 25
52 25
67 25
82 25
0 33
15 33
30 33
45 33
60 33
75 33
0 42
15 42
30 42
45 42
60 42
75 42
0 54
13 54
28 54
43 54
58 54
73 54
7 60
22 60
37 60
52 60
67 60
82 60
28 70
43 70
58 70
73 70
88 70
37 76
52 76
67 76
82 76
97 76
35 88
50 88
65 88
80 88
95 88
16 94
35 97
50 97
65 97
80 97
95 97
