115
76 35
22 44
58 76
32 81
68 88
70 0
95 4
83 8
29 12
12 19
45 21
84 26
37 49
7 53
91 61
1 69
10 72
64 81
12 83
20 91
9 93
37 0
46 3
11 5
7 10
49 10
59 14
30 15
53 19
7 20
79 22
17 25
26 28
11 30
45 31
97 31
63 37
49 41
96 42
43 45
50 47
59 48
91 48
40 51
79 53
50 57
3 58
16 58
23 60
38 60
13 64
56 66
85 66
31 68
3 77
97 77
73 79
94 83
0 85
49 88
85 88
93 91
87 95
77 97
23 0
52 0
58 0
38 2
63 4
88 6
39 8
14 9
72 10
82 11
89 12
39 15
58 20
31 24
39 25
65 28
27 30
95 34
14 35
20 35
74 39
35 40
16 43
28 45
73 46
65 47
58 50
28 53
85 55
64 57
78 57
44 60
95 60
71 62
16 64
76 66
37 68
90 72
77 73
28 75
40 79
67 79
80 79
97 83
37 87
80 89
24 93
54 94
8 95
64 95
93 97
