112
97 23
35 45
35 59
60 59
78 84
71 87
88 90
80 1
83 16
3 28
1 55
65 56
52 62
5 64
89 66
55 76
23 85
56 86
70 0
87 1
13 5
22 5
97 7
88 8
47 11
11 14
76 18
67 19
62 21
46 22
28 28
59 28
12 37
64 38
23 40
22 46
96 49
45 50
27 51
87 59
71 60
62 64
76 64
15 66
53 66
65 67
40 68
7 71
35 72
96 73
17 74
81 77
14 78
3 79
51 79
66 80
90 82
17 85
30 87
22 89
5 96
92 96
47 97
59 0
51 2
62 3
71 6
89 8
77 9
32 11
52 12
2 15
88 17
30 18
81 22
16 23
33 29
23 30
87 30
56 32
3 33
67 33
35 35
96 35
84 37
52 38
77 40
36 44
70 46
12 49
56 52
19 53
5 54
79 55
95 57
37 58
24 59
73 73
57 77
31 78
97 79
43 82
63 82
0 83
48 85
74 88
81 90
30 91
0 93
39 93
12 97
55 97
