103
7 0
28 0
49 0
7 5
28 5
49 5
7 12
28 12
49 12
7 19
28 19
49 19
7 26
28 26
49 26
7 33
28 33
49 33
7 40
28 40
49 40
7 47
28 47
49 47
7 54
28 54
49 54
7 61
28 61
49 61
7 68
28 68
49 68
28 75
0 0
12 0
19 0
33 0
40 0
54 0
0 5
12 5
19 5
33 5
40 5
54 5
0 12
12 12
19 12
33 12
40 12
54 12
0 19
12 19
19 19
33 19
40 19
54 19
0 26
12 26
19 26
33 26
40 26
54 26
0 33
12 33
19 33
33 33
40 33
54 33
0 40
12 40
19 40
33 40
40 40
54 40
0 47
12 47
19 47
33 47
40 47
54 47
0 54
12 54
19 54
33 54
40 54
54 54
0 61
12 61
19 61
33 61
40 61
54 61
67 67
0 68
12 68
19 68
33 68
40 68
54 68
19 75
33 75
