117
73 77
83 3
57 18
71 30
32 58
10 61
58 77
21 7
82 7
70 10
25 25
83 31
53 58
54 68
29 69
10 80
72 82
54 85
40 90
11 0
85 7
93 8
46 11
78 11
8 17
63 17
81 18
96 18
70 21
77 25
93 25
41 29
64 35
55 36
61 38
0 42
14 44
92 44
49 47
0 51
7 52
71 54
88 60
6 63
20 65
45 67
60 71
82 76
44 79
95 81
30 85
11 88
1 90
52 92
86 93
62 94
16 0
32 0
43 0
62 0
90 0
48 2
0 5
59 6
4 8
94 11
50 13
37 15
0 16
15 20
64 23
31 26
93 29
0 32
38 32
78 34
8 35
89 35
33 36
44 37
70 38
17 39
81 39
39 42
31 44
25 46
83 46
48 50
76 50
88 51
12 56
36 57
0 60
62 61
68 61
28 63
85 64
96 67
6 68
74 69
25 71
38 76
0 78
76 78
77 84
83 86
22 87
90 87
45 88
66 88
14 91
0 92
31 92
42 93
76 93
19 95
91 97
