126
59 5
81 8
48 11
45 4
30 7
23 9
8 10
75 10
62 11
72 17
31 19
32 31
40 39
74 39
84 69
8 89
10 0
18 0
69 0
0 2
88 4
38 7
53 8
92 9
16 12
39 15
5 17
17 18
55 21
50 29
20 32
8 39
28 39
88 39
56 42
9 46
97 48
91 51
70 54
81 54
22 61
89 65
45 66
61 67
93 71
52 76
64 76
92 78
22 79
67 79
83 83
58 85
91 88
15 91
84 91
28 0
48 0
60 0
97 2
66 6
83 10
56 11
76 14
86 15
25 17
94 17
1 20
19 20
42 20
33 21
79 22
62 23
27 25
3 26
11 27
36 27
64 29
80 29
23 31
90 31
58 32
74 32
2 36
16 41
40 41
83 41
33 42
46 42
26 45
0 47
43 47
52 47
17 48
84 52
37 53
61 54
11 56
43 58
0 59
77 59
95 62
10 63
69 65
0 66
27 66
35 66
6 69
56 69
30 72
14 75
71 76
46 78
0 79
36 80
13 81
41 85
32 87
74 87
63 88
50 89
24 91
0 92
39 94
96 96
10 97
54 97
