109
10 18
57 62
75 10
33 37
75 43
83 97
63 7
36 8
2 9
88 14
63 16
24 22
63 25
10 41
13 52
18 56
32 62
23 74
79 80
78 89
23 0
30 0
43 0
15 1
87 3
42 8
75 14
14 15
34 17
76 22
85 22
93 23
14 28
45 28
37 29
81 29
72 32
3 35
48 40
42 46
95 46
71 48
27 53
80 53
44 54
38 56
1 63
21 64
42 64
65 66
73 66
4 67
15 68
49 72
34 75
6 78
29 78
71 79
44 85
1 86
53 86
48 90
75 94
8 95
45 95
74 0
32 2
53 3
10 5
18 6
27 10
0 11
43 14
16 16
32 18
6 20
44 20
35 23
97 23
86 25
57 26
24 31
63 35
96 35
21 40
67 43
88 44
3 45
58 46
37 47
67 56
89 65
42 66
52 72
33 77
95 77
27 80
9 81
34 83
92 83
60 84
70 86
35 89
82 89
93 89
59 94
38 95
68 95
24 96
