124
92 8
64 35
34 48
5 5
34 12
76 16
88 16
45 21
61 24
88 36
2 38
48 38
9 39
38 42
74 47
57 59
55 64
34 66
44 69
31 86
21 2
82 2
33 4
57 9
9 12
62 12
22 14
70 17
66 20
97 20
81 23
1 25
95 28
52 29
97 33
26 38
96 40
66 49
35 54
93 59
9 62
46 63
97 68
2 69
28 78
47 78
56 83
5 87
95 87
10 89
74 90
84 90
40 92
53 94
26 95
65 95
0 97
58 97
11 0
25 0
54 0
69 0
64 1
96 4
1 6
72 8
83 9
39 11
48 11
34 15
13 18
26 18
47 19
74 20
39 21
34 25
12 27
61 27
88 27
40 28
67 28
4 29
0 30
30 32
73 32
15 34
88 38
68 39
78 39
21 41
38 45
6 46
83 48
0 51
5 53
72 53
38 54
52 55
94 58
25 59
74 59
88 62
7 63
58 64
91 67
6 71
18 71
29 71
56 71
83 72
97 74
12 76
89 76
85 81
23 82
61 82
10 83
44 84
15 88
79 91
46 92
14 96
29 97
77 97
