107
89 52
12 5
10 21
93 22
58 34
91 3
20 5
9 10
87 13
75 20
35 24
58 27
92 35
74 53
65 60
36 64
78 66
27 70
0 78
44 83
87 85
28 93
67 4
99 5
39 7
56 8
97 10
30 17
67 18
51 25
86 26
20 27
1 29
67 33
81 33
96 41
28 44
84 44
62 46
27 50
96 50
47 54
86 58
13 60
26 62
46 64
96 65
3 66
47 69
32 70
20 71
59 71
79 71
86 72
39 74
97 74
31 76
21 81
94 86
60 87
66 91
37 92
5 93
69 96
29 0
46 0
79 4
13 6
64 7
71 10
45 11
16 18
83 18
27 23
66 23
8 26
33 27
20 29
72 29
11 33
28 33
6 37
76 39
39 40
44 43
71 44
96 51
66 53
20 55
39 56
17 62
65 63
87 63
14 73
74 79
25 83
4 85
87 87
97 87
11 89
51 90
21 91
72 93
96 94
17 96
40 97
55 97
