108
89 62
28 63
64 68
48 87
59 90
40 92
40 6
5 10
15 11
72 13
45 16
98 17
62 19
33 22
96 23
42 25
49 32
66 42
34 44
5 45
2 56
66 61
77 65
16 73
48 79
19 82
54 83
83 90
58 3
79 7
22 16
1 22
61 26
71 26
2 33
61 33
25 38
43 44
76 46
61 48
43 53
51 54
8 55
62 56
3 59
21 61
57 61
38 65
96 65
46 67
72 69
67 75
73 75
35 77
31 78
94 81
38 84
97 87
26 88
48 97
6 0
27 0
43 0
58 6
33 9
55 11
9 17
83 17
53 19
77 21
23 23
51 27
34 31
24 33
92 33
0 37
80 37
97 37
57 39
87 39
48 44
19 46
97 47
17 52
70 52
81 53
44 56
74 57
35 58
85 65
0 71
89 71
20 74
40 75
80 76
0 78
60 78
66 80
82 83
15 85
0 88
51 89
87 90
14 94
26 94
80 94
53 95
63 96
