116
4 32
29 5
69 7
10 9
33 16
39 21
81 30
7 49
31 49
20 50
94 55
96 60
87 63
52 71
40 77
79 82
40 88
69 89
97 94
60 97
21 1
62 1
1 3
75 7
64 10
95 13
17 14
74 17
6 22
16 23
35 25
43 26
67 27
6 33
22 33
63 34
90 35
43 36
36 39
8 40
67 41
3 44
63 46
43 51
36 54
78 56
53 59
11 60
59 62
75 64
34 67
8 69
83 71
1 74
49 76
57 76
9 82
87 84
56 85
41 90
35 91
74 95
82 95
48 0
97 0
4 2
18 4
37 7
43 9
50 9
84 11
0 12
56 13
12 15
49 16
68 18
87 18
28 19
55 20
96 22
19 24
54 27
29 34
52 36
58 37
82 38
31 40
88 42
71 43
66 48
84 48
68 54
1 55
19 55
80 58
47 61
62 64
41 65
68 65
75 69
25 70
32 72
90 73
28 77
84 78
0 79
68 79
16 80
92 80
34 81
60 87
70 87
7 88
29 95
20 96
92 97
