110
57 91
64 7
86 55
95 3
17 14
69 68
17 70
50 76
70 76
73 90
78 6
91 10
65 16
92 22
71 23
84 28
85 33
57 40
70 54
68 63
76 65
83 73
93 79
53 85
86 0
57 2
20 6
53 10
83 11
7 13
23 13
96 14
15 21
60 21
78 25
93 26
60 29
90 31
56 34
89 40
67 47
55 48
95 51
83 59
96 59
20 62
57 69
91 73
15 77
54 77
84 79
67 84
92 84
61 87
66 91
61 96
0 0
4 0
11 0
19 0
26 0
32 0
10 5
94 5
0 6
32 6
1 12
87 12
49 13
0 18
32 18
20 19
84 19
52 22
4 25
11 25
19 25
26 25
0 26
32 26
63 26
33 38
72 38
79 40
24 41
92 43
34 44
70 47
79 49
11 55
19 55
58 55
88 55
48 58
69 58
10 61
61 62
84 63
7 68
23 68
20 75
61 75
11 81
19 81
97 82
82 85
49 91
77 92
86 94
72 95
