101
78 49
60 57
45 18
33 49
22 53
30 55
90 68
80 92
15 4
53 16
86 31
35 36
10 37
56 48
3 53
35 63
46 63
23 72
73 73
78 73
47 77
92 77
27 78
34 79
50 84
26 88
90 92
44 4
84 4
92 6
27 14
76 14
63 20
52 25
10 31
43 31
59 33
73 34
96 36
24 38
3 39
63 42
29 43
97 43
81 44
41 45
45 54
74 58
26 59
90 59
54 62
66 68
30 70
95 74
15 78
73 78
32 86
11 87
56 89
41 90
51 92
38 94
63 94
15 0
28 0
39 0
76 0
21 2
35 4
0 5
19 13
87 13
66 14
75 15
27 20
33 21
4 22
75 22
63 23
96 27
44 31
17 33
33 39
73 42
0 43
93 49
8 54
97 54
11 64
75 65
43 66
81 66
54 72
38 76
28 79
56 80
80 86
95 86
18 88
22 96
95 96
